{"meta": {"format": 3, "version": "7.10.7", "timestamp": "2026-02-15T23:13:08.911716", "branch_coverage": false, "show_contexts": false}, "files": {"src/autosar_pdf2txt/__init__.py": {"executed_lines": [1, 9, 11, 21, 22, 24], "summary": {"covered_lines": 5, "num_statements": 5, "percent_covered": 100.0, "percent_covered_display": "100", "missing_lines": 0, "excluded_lines": 0}, "missing_lines": [], "excluded_lines": [], "functions": {"": {"executed_lines": [1, 9, 11, 21, 22, 24], "summary": {"covered_lines": 5, "num_statements": 5, "percent_covered": 100.0, "percent_covered_display": "100", "missing_lines": 0, "excluded_lines": 0}, "missing_lines": [], "excluded_lines": []}}, "classes": {"": {"executed_lines": [1, 9, 11, 21, 22, 24], "summary": {"covered_lines": 5, "num_statements": 5, "percent_covered": 100.0, "percent_covered_display": "100", "missing_lines": 0, "excluded_lines": 0}, "missing_lines": [], "excluded_lines": []}}}, "src/autosar_pdf2txt/cli/__init__.py": {"executed_lines": [1, 3, 5], "summary": {"covered_lines": 2, "num_statements": 2, "percent_covered": 100.0, "percent_covered_display": "100", "missing_lines": 0, "excluded_lines": 0}, "missing_lines": [], "excluded_lines": [], "functions": {"": {"executed_lines": [1, 3, 5], "summary": {"covered_lines": 2, "num_statements": 2, "percent_covered": 100.0, "percent_covered_display": "100", "missing_lines": 0, "excluded_lines": 0}, "missing_lines": [], "excluded_lines": []}}, "classes": {"": {"executed_lines": [1, 3, 5], "summary": {"covered_lines": 2, "num_statements": 2, "percent_covered": 100.0, "percent_covered_display": "100", "missing_lines": 0, "excluded_lines": 0}, "missing_lines": [], "excluded_lines": []}}}, "src/autosar_pdf2txt/cli/autosar_cli.py": {"executed_lines": [1, 3, 4, 5, 6, 8, 9, 10, 13, 29, 32, 39, 40, 45, 50, 55, 60, 65, 71, 77, 81, 82, 85, 86, 88, 89, 95, 96, 97, 98, 101, 102, 107, 108, 110, 111, 112, 113, 118, 119, 120, 121, 122, 123, 124, 131, 132, 133, 135, 138, 139, 140, 141, 142, 143, 148, 152, 153, 154, 155, 156, 157, 159, 161, 162, 163, 164, 165, 168, 169, 170, 171, 178, 179, 180, 182, 185, 188, 190, 193, 196, 197, 198, 199, 200, 201, 210, 211, 212, 214, 215, 216, 224, 226, 227, 229, 230, 231, 233, 236, 238, 239, 240, 242, 265, 267, 268, 269, 270, 277, 280, 282, 285, 286, 288, 290, 292, 293, 294, 295, 298], "summary": {"covered_lines": 120, "num_statements": 151, "percent_covered": 79.47019867549669, "percent_covered_display": "79", "missing_lines": 31, "excluded_lines": 0}, "missing_lines": [87, 125, 127, 172, 173, 175, 176, 202, 203, 204, 205, 206, 207, 208, 243, 245, 246, 249, 250, 251, 252, 253, 256, 259, 261, 262, 263, 273, 274, 275, 299], "excluded_lines": [], "functions": {"main": {"executed_lines": [29, 32, 39, 40, 45, 50, 55, 60, 65, 71, 77, 81, 82, 85, 86, 88, 89, 95, 96, 97, 98, 101, 102, 107, 108, 110, 111, 112, 113, 118, 119, 120, 121, 122, 123, 124, 131, 132, 133, 135, 138, 139, 140, 141, 142, 143, 148, 152, 153, 154, 155, 156, 157, 159, 161, 162, 163, 164, 165, 168, 169, 170, 171, 178, 179, 180, 182, 185, 188, 190, 193, 196, 197, 198, 199, 200, 201, 210, 211, 212, 214, 215, 216, 224, 226, 227, 229, 230, 231, 233, 236, 238, 239, 240, 242, 265, 267, 268, 269, 270, 277, 280, 282, 285, 286, 288, 290, 292, 293, 294, 295], "summary": {"covered_lines": 111, "num_statements": 141, "percent_covered": 78.72340425531915, "percent_covered_display": "79", "missing_lines": 30, "excluded_lines": 0}, "missing_lines": [87, 125, 127, 172, 173, 175, 176, 202, 203, 204, 205, 206, 207, 208, 243, 245, 246, 249, 250, 251, 252, 253, 256, 259, 261, 262, 263, 273, 274, 275], "excluded_lines": []}, "": {"executed_lines": [1, 3, 4, 5, 6, 8, 9, 10, 13, 298], "summary": {"covered_lines": 9, "num_statements": 10, "percent_covered": 90.0, "percent_covered_display": "90", "missing_lines": 1, "excluded_lines": 0}, "missing_lines": [299], "excluded_lines": []}}, "classes": {"": {"executed_lines": [1, 3, 4, 5, 6, 8, 9, 10, 13, 29, 32, 39, 40, 45, 50, 55, 60, 65, 71, 77, 81, 82, 85, 86, 88, 89, 95, 96, 97, 98, 101, 102, 107, 108, 110, 111, 112, 113, 118, 119, 120, 121, 122, 123, 124, 131, 132, 133, 135, 138, 139, 140, 141, 142, 143, 148, 152, 153, 154, 155, 156, 157, 159, 161, 162, 163, 164, 165, 168, 169, 170, 171, 178, 179, 180, 182, 185, 188, 190, 193, 196, 197, 198, 199, 200, 201, 210, 211, 212, 214, 215, 216, 224, 226, 227, 229, 230, 231, 233, 236, 238, 239, 240, 242, 265, 267, 268, 269, 270, 277, 280, 282, 285, 286, 288, 290, 292, 293, 294, 295, 298], "summary": {"covered_lines": 120, "num_statements": 151, "percent_covered": 79.47019867549669, "percent_covered_display": "79", "missing_lines": 31, "excluded_lines": 0}, "missing_lines": [87, 125, 127, 172, 173, 175, 176, 202, 203, 204, 205, 206, 207, 208, 243, 245, 246, 249, 250, 251, 252, 253, 256, 259, 261, 262, 263, 273, 274, 275, 299], "excluded_lines": []}}}, "src/autosar_pdf2txt/cli/extract_tables_cli.py": {"executed_lines": [1, 3, 4, 5, 6, 7, 9, 12, 21, 22, 25, 26, 30, 31, 32, 33, 35, 38, 39, 41, 42, 43, 44, 45, 47, 49, 50, 52, 55, 67, 69, 70, 71, 73, 75, 76, 78, 80, 81, 82, 85, 89, 90, 91, 93, 96, 97, 99, 100, 102, 104, 105, 106, 109, 119, 122, 128, 135, 142, 145, 146, 152, 155, 156, 157, 163, 164, 165, 166, 167, 168, 170, 172, 173, 174, 175, 176, 178, 179, 182, 183, 188, 189, 190, 192, 193, 194, 196, 197, 198, 199, 200, 201, 203, 204, 205, 207, 209, 210, 211, 212, 213, 216], "summary": {"covered_lines": 102, "num_statements": 111, "percent_covered": 91.89189189189189, "percent_covered_display": "92", "missing_lines": 9, "excluded_lines": 0}, "missing_lines": [27, 158, 159, 160, 180, 181, 185, 186, 217], "excluded_lines": [], "functions": {"is_autosar_table": {"executed_lines": [21, 22, 25, 26, 30, 31, 32, 33, 35, 38, 39, 41, 42, 43, 44, 45, 47, 49, 50, 52], "summary": {"covered_lines": 20, "num_statements": 21, "percent_covered": 95.23809523809524, "percent_covered_display": "95", "missing_lines": 1, "excluded_lines": 0}, "missing_lines": [27], "excluded_lines": []}, "extract_tables_from_pdf": {"executed_lines": [67, 69, 70, 71, 73, 75, 76, 78, 80, 81, 82, 85, 89, 90, 91, 93, 96, 97, 99, 100, 102, 104, 105, 106], "summary": {"covered_lines": 24, "num_statements": 24, "percent_covered": 100.0, "percent_covered_display": "100", "missing_lines": 0, "excluded_lines": 0}, "missing_lines": [], "excluded_lines": []}, "main": {"executed_lines": [119, 122, 128, 135, 142, 145, 146, 152, 155, 156, 157, 163, 164, 165, 166, 167, 168, 170, 172, 173, 174, 175, 176, 178, 179, 182, 183, 188, 189, 190, 192, 193, 194, 196, 197, 198, 199, 200, 201, 203, 204, 205, 207, 209, 210, 211, 212, 213], "summary": {"covered_lines": 48, "num_statements": 55, "percent_covered": 87.27272727272727, "percent_covered_display": "87", "missing_lines": 7, "excluded_lines": 0}, "missing_lines": [158, 159, 160, 180, 181, 185, 186], "excluded_lines": []}, "": {"executed_lines": [1, 3, 4, 5, 6, 7, 9, 12, 55, 109, 216], "summary": {"covered_lines": 10, "num_statements": 11, "percent_covered": 90.9090909090909, "percent_covered_display": "91", "missing_lines": 1, "excluded_lines": 0}, "missing_lines": [217], "excluded_lines": []}}, "classes": {"": {"executed_lines": [1, 3, 4, 5, 6, 7, 9, 12, 21, 22, 25, 26, 30, 31, 32, 33, 35, 38, 39, 41, 42, 43, 44, 45, 47, 49, 50, 52, 55, 67, 69, 70, 71, 73, 75, 76, 78, 80, 81, 82, 85, 89, 90, 91, 93, 96, 97, 99, 100, 102, 104, 105, 106, 109, 119, 122, 128, 135, 142, 145, 146, 152, 155, 156, 157, 163, 164, 165, 166, 167, 168, 170, 172, 173, 174, 175, 176, 178, 179, 182, 183, 188, 189, 190, 192, 193, 194, 196, 197, 198, 199, 200, 201, 203, 204, 205, 207, 209, 210, 211, 212, 213, 216], "summary": {"covered_lines": 102, "num_statements": 111, "percent_covered": 91.89189189189189, "percent_covered_display": "92", "missing_lines": 9, "excluded_lines": 0}, "missing_lines": [27, 158, 159, 160, 180, 181, 185, 186, 217], "excluded_lines": []}}}, "src/autosar_pdf2txt/config/__init__.py": {"executed_lines": [], "summary": {"covered_lines": 0, "num_statements": 0, "percent_covered": 100.0, "percent_covered_display": "100", "missing_lines": 0, "excluded_lines": 0}, "missing_lines": [], "excluded_lines": [], "functions": {"": {"executed_lines": [], "summary": {"covered_lines": 0, "num_statements": 0, "percent_covered": 100.0, "percent_covered_display": "100", "missing_lines": 0, "excluded_lines": 0}, "missing_lines": [], "excluded_lines": []}}, "classes": {"": {"executed_lines": [], "summary": {"covered_lines": 0, "num_statements": 0, "percent_covered": 100.0, "percent_covered_display": "100", "missing_lines": 0, "excluded_lines": 0}, "missing_lines": [], "excluded_lines": []}}}, "src/autosar_pdf2txt/models/__init__.py": {"executed_lines": [1, 4, 7, 10, 13, 16, 18], "summary": {"covered_lines": 6, "num_statements": 6, "percent_covered": 100.0, "percent_covered_display": "100", "missing_lines": 0, "excluded_lines": 0}, "missing_lines": [], "excluded_lines": [], "functions": {"": {"executed_lines": [1, 4, 7, 10, 13, 16, 18], "summary": {"covered_lines": 6, "num_statements": 6, "percent_covered": 100.0, "percent_covered_display": "100", "missing_lines": 0, "excluded_lines": 0}, "missing_lines": [], "excluded_lines": []}}, "classes": {"": {"executed_lines": [1, 4, 7, 10, 13, 16, 18], "summary": {"covered_lines": 6, "num_statements": 6, "percent_covered": 100.0, "percent_covered_display": "100", "missing_lines": 0, "excluded_lines": 0}, "missing_lines": [], "excluded_lines": []}}}, "src/autosar_pdf2txt/models/attributes.py": {"executed_lines": [1, 13, 14, 16, 19, 20, 21, 40, 41, 42, 43, 44, 46, 55, 56, 58, 67, 68, 69, 70, 72, 78, 85, 86, 87, 105, 106, 107, 108, 109, 110, 112, 122, 123, 124, 125, 127, 137, 138, 140, 146], "summary": {"covered_lines": 38, "num_statements": 38, "percent_covered": 100.0, "percent_covered_display": "100", "missing_lines": 0, "excluded_lines": 0}, "missing_lines": [], "excluded_lines": [], "functions": {"AutosarEnumLiteral.__post_init__": {"executed_lines": [55, 56], "summary": {"covered_lines": 2, "num_statements": 2, "percent_covered": 100.0, "percent_covered_display": "100", "missing_lines": 0, "excluded_lines": 0}, "missing_lines": [], "excluded_lines": []}, "AutosarEnumLiteral.__str__": {"executed_lines": [67, 68, 69, 70], "summary": {"covered_lines": 4, "num_statements": 4, "percent_covered": 100.0, "percent_covered_display": "100", "missing_lines": 0, "excluded_lines": 0}, "missing_lines": [], "excluded_lines": []}, "AutosarEnumLiteral.__repr__": {"executed_lines": [78], "summary": {"covered_lines": 1, "num_statements": 1, "percent_covered": 100.0, "percent_covered_display": "100", "missing_lines": 0, "excluded_lines": 0}, "missing_lines": [], "excluded_lines": []}, "AutosarAttribute.__post_init__": {"executed_lines": [122, 123, 124, 125], "summary": {"covered_lines": 4, "num_statements": 4, "percent_covered": 100.0, "percent_covered_display": "100", "missing_lines": 0, "excluded_lines": 0}, "missing_lines": [], "excluded_lines": []}, "AutosarAttribute.__str__": {"executed_lines": [137, 138], "summary": {"covered_lines": 2, "num_statements": 2, "percent_covered": 100.0, "percent_covered_display": "100", "missing_lines": 0, "excluded_lines": 0}, "missing_lines": [], "excluded_lines": []}, "AutosarAttribute.__repr__": {"executed_lines": [146], "summary": {"covered_lines": 1, "num_statements": 1, "percent_covered": 100.0, "percent_covered_display": "100", "missing_lines": 0, "excluded_lines": 0}, "missing_lines": [], "excluded_lines": []}, "": {"executed_lines": [1, 13, 14, 16, 19, 20, 21, 40, 41, 42, 43, 44, 46, 58, 72, 85, 86, 87, 105, 106, 107, 108, 109, 110, 112, 127, 140], "summary": {"covered_lines": 24, "num_statements": 24, "percent_covered": 100.0, "percent_covered_display": "100", "missing_lines": 0, "excluded_lines": 0}, "missing_lines": [], "excluded_lines": []}}, "classes": {"AutosarEnumLiteral": {"executed_lines": [55, 56, 67, 68, 69, 70, 78], "summary": {"covered_lines": 7, "num_statements": 7, "percent_covered": 100.0, "percent_covered_display": "100", "missing_lines": 0, "excluded_lines": 0}, "missing_lines": [], "excluded_lines": []}, "AutosarAttribute": {"executed_lines": [122, 123, 124, 125, 137, 138, 146], "summary": {"covered_lines": 7, "num_statements": 7, "percent_covered": 100.0, "percent_covered_display": "100", "missing_lines": 0, "excluded_lines": 0}, "missing_lines": [], "excluded_lines": []}, "": {"executed_lines": [1, 13, 14, 16, 19, 20, 21, 40, 41, 42, 43, 44, 46, 58, 72, 85, 86, 87, 105, 106, 107, 108, 109, 110, 112, 127, 140], "summary": {"covered_lines": 24, "num_statements": 24, "percent_covered": 100.0, "percent_covered_display": "100", "missing_lines": 0, "excluded_lines": 0}, "missing_lines": [], "excluded_lines": []}}}, "src/autosar_pdf2txt/models/base.py": {"executed_lines": [1, 8, 9, 10, 13, 14, 15, 46, 47, 48, 49, 51, 58, 59, 60, 61, 62, 63, 66, 67, 88, 89, 90, 91, 93, 116, 117, 118, 119, 120, 121, 123, 124], "summary": {"covered_lines": 30, "num_statements": 30, "percent_covered": 100.0, "percent_covered_display": "100", "missing_lines": 0, "excluded_lines": 1}, "missing_lines": [], "excluded_lines": [133], "functions": {"AutosarDocumentSource.__str__": {"executed_lines": [58, 59, 60, 61, 62, 63], "summary": {"covered_lines": 6, "num_statements": 6, "percent_covered": 100.0, "percent_covered_display": "100", "missing_lines": 0, "excluded_lines": 0}, "missing_lines": [], "excluded_lines": []}, "AbstractAutosarBase.__init__": {"executed_lines": [116, 117, 118, 119, 120, 121], "summary": {"covered_lines": 6, "num_statements": 6, "percent_covered": 100.0, "percent_covered_display": "100", "missing_lines": 0, "excluded_lines": 0}, "missing_lines": [], "excluded_lines": []}, "AbstractAutosarBase.__str__": {"executed_lines": [], "summary": {"covered_lines": 0, "num_statements": 0, "percent_covered": 100.0, "percent_covered_display": "100", "missing_lines": 0, "excluded_lines": 1}, "missing_lines": [], "excluded_lines": [133]}, "": {"executed_lines": [1, 8, 9, 10, 13, 14, 15, 46, 47, 48, 49, 51, 66, 67, 88, 89, 90, 91, 93, 123, 124], "summary": {"covered_lines": 18, "num_statements": 18, "percent_covered": 100.0, "percent_covered_display": "100", "missing_lines": 0, "excluded_lines": 0}, "missing_lines": [], "excluded_lines": []}}, "classes": {"AutosarDocumentSource": {"executed_lines": [58, 59, 60, 61, 62, 63], "summary": {"covered_lines": 6, "num_statements": 6, "percent_covered": 100.0, "percent_covered_display": "100", "missing_lines": 0, "excluded_lines": 0}, "missing_lines": [], "excluded_lines": []}, "AbstractAutosarBase": {"executed_lines": [116, 117, 118, 119, 120, 121], "summary": {"covered_lines": 6, "num_statements": 6, "percent_covered": 100.0, "percent_covered_display": "100", "missing_lines": 0, "excluded_lines": 1}, "missing_lines": [], "excluded_lines": [133]}, "": {"executed_lines": [1, 8, 9, 10, 13, 14, 15, 46, 47, 48, 49, 51, 66, 67, 88, 89, 90, 91, 93, 123, 124], "summary": {"covered_lines": 18, "num_statements": 18, "percent_covered": 100.0, "percent_covered_display": "100", "missing_lines": 0, "excluded_lines": 0}, "missing_lines": [], "excluded_lines": []}}}, "src/autosar_pdf2txt/models/containers.py": {"executed_lines": [1, 17, 18, 20, 21, 24, 25, 26, 47, 48, 49, 51, 60, 61, 63, 78, 79, 81, 82, 83, 85, 87, 88, 89, 90, 91, 93, 109, 111, 123, 125, 137, 138, 139, 140, 142, 156, 157, 158, 159, 161, 177, 178, 179, 180, 182, 194, 195, 196, 197, 199, 211, 213, 225, 226, 227, 228, 230, 242, 243, 244, 245, 247, 261, 263, 275, 276, 277, 278, 279, 280, 282, 294, 295, 298, 299, 301, 302, 303, 304, 306, 316, 317, 318, 321, 322, 323, 324, 326, 328, 344, 346, 358, 360, 372, 374, 386, 388, 396, 397, 398, 399, 400, 401, 403, 411, 417, 418, 419, 437, 438, 440, 450, 451, 452, 455, 456, 457, 459, 471, 472, 473, 474, 476, 488, 489, 490, 491, 493, 505, 506, 507, 510, 512, 527, 528, 529, 531, 532, 533, 534, 535, 536, 539, 548, 549, 550, 551, 553, 554, 555, 556, 557, 559, 569, 570, 571, 573, 574, 575, 576, 578, 580, 589, 591, 597], "summary": {"covered_lines": 163, "num_statements": 165, "percent_covered": 98.78787878787878, "percent_covered_display": "99", "missing_lines": 2, "excluded_lines": 0}, "missing_lines": [296, 537], "excluded_lines": [], "functions": {"AutosarPackage.__post_init__": {"executed_lines": [60, 61], "summary": {"covered_lines": 2, "num_statements": 2, "percent_covered": 100.0, "percent_covered_display": "100", "missing_lines": 0, "excluded_lines": 0}, "missing_lines": [], "excluded_lines": []}, "AutosarPackage.add_type": {"executed_lines": [78, 79, 81, 82, 83, 85, 87, 88, 89, 90, 91], "summary": {"covered_lines": 11, "num_statements": 11, "percent_covered": 100.0, "percent_covered_display": "100", "missing_lines": 0, "excluded_lines": 0}, "missing_lines": [], "excluded_lines": []}, "AutosarPackage.add_class": {"executed_lines": [109], "summary": {"covered_lines": 1, "num_statements": 1, "percent_covered": 100.0, "percent_covered_display": "100", "missing_lines": 0, "excluded_lines": 0}, "missing_lines": [], "excluded_lines": []}, "AutosarPackage.add_enumeration": {"executed_lines": [123], "summary": {"covered_lines": 1, "num_statements": 1, "percent_covered": 100.0, "percent_covered_display": "100", "missing_lines": 0, "excluded_lines": 0}, "missing_lines": [], "excluded_lines": []}, "AutosarPackage.add_subpackage": {"executed_lines": [137, 138, 139, 140], "summary": {"covered_lines": 4, "num_statements": 4, "percent_covered": 100.0, "percent_covered_display": "100", "missing_lines": 0, "excluded_lines": 0}, "missing_lines": [], "excluded_lines": []}, "AutosarPackage.get_type": {"executed_lines": [156, 157, 158, 159], "summary": {"covered_lines": 4, "num_statements": 4, "percent_covered": 100.0, "percent_covered_display": "100", "missing_lines": 0, "excluded_lines": 0}, "missing_lines": [], "excluded_lines": []}, "AutosarPackage.get_class": {"executed_lines": [177, 178, 179, 180], "summary": {"covered_lines": 4, "num_statements": 4, "percent_covered": 100.0, "percent_covered_display": "100", "missing_lines": 0, "excluded_lines": 0}, "missing_lines": [], "excluded_lines": []}, "AutosarPackage.get_enumeration": {"executed_lines": [194, 195, 196, 197], "summary": {"covered_lines": 4, "num_statements": 4, "percent_covered": 100.0, "percent_covered_display": "100", "missing_lines": 0, "excluded_lines": 0}, "missing_lines": [], "excluded_lines": []}, "AutosarPackage.add_primitive": {"executed_lines": [211], "summary": {"covered_lines": 1, "num_statements": 1, "percent_covered": 100.0, "percent_covered_display": "100", "missing_lines": 0, "excluded_lines": 0}, "missing_lines": [], "excluded_lines": []}, "AutosarPackage.get_primitive": {"executed_lines": [225, 226, 227, 228], "summary": {"covered_lines": 4, "num_statements": 4, "percent_covered": 100.0, "percent_covered_display": "100", "missing_lines": 0, "excluded_lines": 0}, "missing_lines": [], "excluded_lines": []}, "AutosarPackage.get_subpackage": {"executed_lines": [242, 243, 244, 245], "summary": {"covered_lines": 4, "num_statements": 4, "percent_covered": 100.0, "percent_covered_display": "100", "missing_lines": 0, "excluded_lines": 0}, "missing_lines": [], "excluded_lines": []}, "AutosarPackage.has_type": {"executed_lines": [261], "summary": {"covered_lines": 1, "num_statements": 1, "percent_covered": 100.0, "percent_covered_display": "100", "missing_lines": 0, "excluded_lines": 0}, "missing_lines": [], "excluded_lines": []}, "AutosarPackage.get_classes_implementing_interface": {"executed_lines": [275, 276, 277, 278, 279, 280], "summary": {"covered_lines": 6, "num_statements": 6, "percent_covered": 100.0, "percent_covered_display": "100", "missing_lines": 0, "excluded_lines": 0}, "missing_lines": [], "excluded_lines": []}, "AutosarPackage.get_interfaces_for_class": {"executed_lines": [294, 295, 298, 299, 301, 302, 303, 304], "summary": {"covered_lines": 8, "num_statements": 9, "percent_covered": 88.88888888888889, "percent_covered_display": "89", "missing_lines": 1, "excluded_lines": 0}, "missing_lines": [296], "excluded_lines": []}, "AutosarPackage._find_interface_recursive": {"executed_lines": [316, 317, 318, 321, 322, 323, 324, 326], "summary": {"covered_lines": 8, "num_statements": 8, "percent_covered": 100.0, "percent_covered_display": "100", "missing_lines": 0, "excluded_lines": 0}, "missing_lines": [], "excluded_lines": []}, "AutosarPackage.has_class": {"executed_lines": [344], "summary": {"covered_lines": 1, "num_statements": 1, "percent_covered": 100.0, "percent_covered_display": "100", "missing_lines": 0, "excluded_lines": 0}, "missing_lines": [], "excluded_lines": []}, "AutosarPackage.has_enumeration": {"executed_lines": [358], "summary": {"covered_lines": 1, "num_statements": 1, "percent_covered": 100.0, "percent_covered_display": "100", "missing_lines": 0, "excluded_lines": 0}, "missing_lines": [], "excluded_lines": []}, "AutosarPackage.has_primitive": {"executed_lines": [372], "summary": {"covered_lines": 1, "num_statements": 1, "percent_covered": 100.0, "percent_covered_display": "100", "missing_lines": 0, "excluded_lines": 0}, "missing_lines": [], "excluded_lines": []}, "AutosarPackage.has_subpackage": {"executed_lines": [386], "summary": {"covered_lines": 1, "num_statements": 1, "percent_covered": 100.0, "percent_covered_display": "100", "missing_lines": 0, "excluded_lines": 0}, "missing_lines": [], "excluded_lines": []}, "AutosarPackage.__str__": {"executed_lines": [396, 397, 398, 399, 400, 401], "summary": {"covered_lines": 6, "num_statements": 6, "percent_covered": 100.0, "percent_covered_display": "100", "missing_lines": 0, "excluded_lines": 0}, "missing_lines": [], "excluded_lines": []}, "AutosarPackage.__repr__": {"executed_lines": [411], "summary": {"covered_lines": 1, "num_statements": 1, "percent_covered": 100.0, "percent_covered_display": "100", "missing_lines": 0, "excluded_lines": 0}, "missing_lines": [], "excluded_lines": []}, "AutosarDoc.__post_init__": {"executed_lines": [450, 451, 452, 455, 456, 457], "summary": {"covered_lines": 6, "num_statements": 6, "percent_covered": 100.0, "percent_covered_display": "100", "missing_lines": 0, "excluded_lines": 0}, "missing_lines": [], "excluded_lines": []}, "AutosarDoc.get_package": {"executed_lines": [471, 472, 473, 474], "summary": {"covered_lines": 4, "num_statements": 4, "percent_covered": 100.0, "percent_covered_display": "100", "missing_lines": 0, "excluded_lines": 0}, "missing_lines": [], "excluded_lines": []}, "AutosarDoc.get_root_class": {"executed_lines": [488, 489, 490, 491], "summary": {"covered_lines": 4, "num_statements": 4, "percent_covered": 100.0, "percent_covered_display": "100", "missing_lines": 0, "excluded_lines": 0}, "missing_lines": [], "excluded_lines": []}, "AutosarDoc.get_classes_implementing_interface": {"executed_lines": [505, 506, 507, 510], "summary": {"covered_lines": 4, "num_statements": 4, "percent_covered": 100.0, "percent_covered_display": "100", "missing_lines": 0, "excluded_lines": 0}, "missing_lines": [], "excluded_lines": []}, "AutosarDoc.get_interface_implementers": {"executed_lines": [527, 528, 529, 531, 532, 533, 534, 535, 536], "summary": {"covered_lines": 9, "num_statements": 10, "percent_covered": 90.0, "percent_covered_display": "90", "missing_lines": 1, "excluded_lines": 0}, "missing_lines": [537], "excluded_lines": []}, "AutosarDoc.get_class_by_name": {"executed_lines": [548, 549, 550, 551, 553, 554, 555, 556, 557], "summary": {"covered_lines": 9, "num_statements": 9, "percent_covered": 100.0, "percent_covered_display": "100", "missing_lines": 0, "excluded_lines": 0}, "missing_lines": [], "excluded_lines": []}, "AutosarDoc._find_class_recursive": {"executed_lines": [569, 570, 571, 573, 574, 575, 576, 578], "summary": {"covered_lines": 8, "num_statements": 8, "percent_covered": 100.0, "percent_covered_display": "100", "missing_lines": 0, "excluded_lines": 0}, "missing_lines": [], "excluded_lines": []}, "AutosarDoc.__str__": {"executed_lines": [589], "summary": {"covered_lines": 1, "num_statements": 1, "percent_covered": 100.0, "percent_covered_display": "100", "missing_lines": 0, "excluded_lines": 0}, "missing_lines": [], "excluded_lines": []}, "AutosarDoc.__repr__": {"executed_lines": [597], "summary": {"covered_lines": 1, "num_statements": 1, "percent_covered": 100.0, "percent_covered_display": "100", "missing_lines": 0, "excluded_lines": 0}, "missing_lines": [], "excluded_lines": []}, "": {"executed_lines": [1, 17, 18, 20, 21, 24, 25, 26, 47, 48, 49, 51, 63, 93, 111, 125, 142, 161, 182, 199, 213, 230, 247, 263, 282, 306, 328, 346, 360, 374, 388, 403, 417, 418, 419, 437, 438, 440, 459, 476, 493, 512, 539, 559, 580, 591], "summary": {"covered_lines": 43, "num_statements": 43, "percent_covered": 100.0, "percent_covered_display": "100", "missing_lines": 0, "excluded_lines": 0}, "missing_lines": [], "excluded_lines": []}}, "classes": {"AutosarPackage": {"executed_lines": [60, 61, 78, 79, 81, 82, 83, 85, 87, 88, 89, 90, 91, 109, 123, 137, 138, 139, 140, 156, 157, 158, 159, 177, 178, 179, 180, 194, 195, 196, 197, 211, 225, 226, 227, 228, 242, 243, 244, 245, 261, 275, 276, 277, 278, 279, 280, 294, 295, 298, 299, 301, 302, 303, 304, 316, 317, 318, 321, 322, 323, 324, 326, 344, 358, 372, 386, 396, 397, 398, 399, 400, 401, 411], "summary": {"covered_lines": 74, "num_statements": 75, "percent_covered": 98.66666666666667, "percent_covered_display": "99", "missing_lines": 1, "excluded_lines": 0}, "missing_lines": [296], "excluded_lines": []}, "AutosarDoc": {"executed_lines": [450, 451, 452, 455, 456, 457, 471, 472, 473, 474, 488, 489, 490, 491, 505, 506, 507, 510, 527, 528, 529, 531, 532, 533, 534, 535, 536, 548, 549, 550, 551, 553, 554, 555, 556, 557, 569, 570, 571, 573, 574, 575, 576, 578, 589, 597], "summary": {"covered_lines": 46, "num_statements": 47, "percent_covered": 97.87234042553192, "percent_covered_display": "98", "missing_lines": 1, "excluded_lines": 0}, "missing_lines": [537], "excluded_lines": []}, "": {"executed_lines": [1, 17, 18, 20, 21, 24, 25, 26, 47, 48, 49, 51, 63, 93, 111, 125, 142, 161, 182, 199, 213, 230, 247, 263, 282, 306, 328, 346, 360, 374, 388, 403, 417, 418, 419, 437, 438, 440, 459, 476, 493, 512, 539, 559, 580, 591], "summary": {"covered_lines": 43, "num_statements": 43, "percent_covered": 100.0, "percent_covered_display": "100", "missing_lines": 0, "excluded_lines": 0}, "missing_lines": [], "excluded_lines": []}}}, "src/autosar_pdf2txt/models/enums.py": {"executed_lines": [1, 7, 10, 11, 27, 28, 29, 30, 31, 34, 35, 49, 50, 51], "summary": {"covered_lines": 11, "num_statements": 11, "percent_covered": 100.0, "percent_covered_display": "100", "missing_lines": 0, "excluded_lines": 0}, "missing_lines": [], "excluded_lines": [], "functions": {"": {"executed_lines": [1, 7, 10, 11, 27, 28, 29, 30, 31, 34, 35, 49, 50, 51], "summary": {"covered_lines": 11, "num_statements": 11, "percent_covered": 100.0, "percent_covered_display": "100", "missing_lines": 0, "excluded_lines": 0}, "missing_lines": [], "excluded_lines": []}}, "classes": {"ATPType": {"executed_lines": [], "summary": {"covered_lines": 0, "num_statements": 0, "percent_covered": 100.0, "percent_covered_display": "100", "missing_lines": 0, "excluded_lines": 0}, "missing_lines": [], "excluded_lines": []}, "AttributeKind": {"executed_lines": [], "summary": {"covered_lines": 0, "num_statements": 0, "percent_covered": 100.0, "percent_covered_display": "100", "missing_lines": 0, "excluded_lines": 0}, "missing_lines": [], "excluded_lines": []}, "": {"executed_lines": [1, 7, 10, 11, 27, 28, 29, 30, 31, 34, 35, 49, 50, 51], "summary": {"covered_lines": 11, "num_statements": 11, "percent_covered": 100.0, "percent_covered_display": "100", "missing_lines": 0, "excluded_lines": 0}, "missing_lines": [], "excluded_lines": []}}}, "src/autosar_pdf2txt/models/types.py": {"executed_lines": [1, 21, 22, 24, 25, 26, 29, 30, 31, 75, 76, 77, 78, 79, 80, 81, 82, 83, 84, 85, 87, 135, 136, 137, 138, 139, 140, 141, 142, 143, 144, 145, 146, 148, 157, 158, 160, 170, 171, 172, 173, 174, 175, 176, 184, 185, 186, 213, 215, 240, 242, 244, 254, 256, 262, 263, 264, 271, 272, 273, 295, 297, 322, 323, 325, 335, 337, 343, 344, 345], "summary": {"covered_lines": 66, "num_statements": 66, "percent_covered": 100.0, "percent_covered_display": "100", "missing_lines": 0, "excluded_lines": 0}, "missing_lines": [], "excluded_lines": [], "functions": {"AutosarClass.__init__": {"executed_lines": [135, 136, 137, 138, 139, 140, 141, 142, 143, 144, 145, 146], "summary": {"covered_lines": 12, "num_statements": 12, "percent_covered": 100.0, "percent_covered_display": "100", "missing_lines": 0, "excluded_lines": 0}, "missing_lines": [], "excluded_lines": []}, "AutosarClass.__str__": {"executed_lines": [157, 158], "summary": {"covered_lines": 2, "num_statements": 2, "percent_covered": 100.0, "percent_covered_display": "100", "missing_lines": 0, "excluded_lines": 0}, "missing_lines": [], "excluded_lines": []}, "AutosarClass.__repr__": {"executed_lines": [170, 171, 172, 173, 174, 175, 176], "summary": {"covered_lines": 7, "num_statements": 7, "percent_covered": 100.0, "percent_covered_display": "100", "missing_lines": 0, "excluded_lines": 0}, "missing_lines": [], "excluded_lines": []}, "AutosarEnumeration.__init__": {"executed_lines": [240, 242], "summary": {"covered_lines": 2, "num_statements": 2, "percent_covered": 100.0, "percent_covered_display": "100", "missing_lines": 0, "excluded_lines": 0}, "missing_lines": [], "excluded_lines": []}, "AutosarEnumeration.__str__": {"executed_lines": [254], "summary": {"covered_lines": 1, "num_statements": 1, "percent_covered": 100.0, "percent_covered_display": "100", "missing_lines": 0, "excluded_lines": 0}, "missing_lines": [], "excluded_lines": []}, "AutosarEnumeration.__repr__": {"executed_lines": [262, 263, 264], "summary": {"covered_lines": 3, "num_statements": 3, "percent_covered": 100.0, "percent_covered_display": "100", "missing_lines": 0, "excluded_lines": 0}, "missing_lines": [], "excluded_lines": []}, "AutosarPrimitive.__init__": {"executed_lines": [322, 323], "summary": {"covered_lines": 2, "num_statements": 2, "percent_covered": 100.0, "percent_covered_display": "100", "missing_lines": 0, "excluded_lines": 0}, "missing_lines": [], "excluded_lines": []}, "AutosarPrimitive.__str__": {"executed_lines": [335], "summary": {"covered_lines": 1, "num_statements": 1, "percent_covered": 100.0, "percent_covered_display": "100", "missing_lines": 0, "excluded_lines": 0}, "missing_lines": [], "excluded_lines": []}, "AutosarPrimitive.__repr__": {"executed_lines": [343, 344, 345], "summary": {"covered_lines": 3, "num_statements": 3, "percent_covered": 100.0, "percent_covered_display": "100", "missing_lines": 0, "excluded_lines": 0}, "missing_lines": [], "excluded_lines": []}, "": {"executed_lines": [1, 21, 22, 24, 25, 26, 29, 30, 31, 75, 76, 77, 78, 79, 80, 81, 82, 83, 84, 85, 87, 148, 160, 184, 185, 186, 213, 215, 244, 256, 271, 272, 273, 295, 297, 325, 337], "summary": {"covered_lines": 33, "num_statements": 33, "percent_covered": 100.0, "percent_covered_display": "100", "missing_lines": 0, "excluded_lines": 0}, "missing_lines": [], "excluded_lines": []}}, "classes": {"AutosarClass": {"executed_lines": [135, 136, 137, 138, 139, 140, 141, 142, 143, 144, 145, 146, 157, 158, 170, 171, 172, 173, 174, 175, 176], "summary": {"covered_lines": 21, "num_statements": 21, "percent_covered": 100.0, "percent_covered_display": "100", "missing_lines": 0, "excluded_lines": 0}, "missing_lines": [], "excluded_lines": []}, "AutosarEnumeration": {"executed_lines": [240, 242, 254, 262, 263, 264], "summary": {"covered_lines": 6, "num_statements": 6, "percent_covered": 100.0, "percent_covered_display": "100", "missing_lines": 0, "excluded_lines": 0}, "missing_lines": [], "excluded_lines": []}, "AutosarPrimitive": {"executed_lines": [322, 323, 335, 343, 344, 345], "summary": {"covered_lines": 6, "num_statements": 6, "percent_covered": 100.0, "percent_covered_display": "100", "missing_lines": 0, "excluded_lines": 0}, "missing_lines": [], "excluded_lines": []}, "": {"executed_lines": [1, 21, 22, 24, 25, 26, 29, 30, 31, 75, 76, 77, 78, 79, 80, 81, 82, 83, 84, 85, 87, 148, 160, 184, 185, 186, 213, 215, 244, 256, 271, 272, 273, 295, 297, 325, 337], "summary": {"covered_lines": 33, "num_statements": 33, "percent_covered": 100.0, "percent_covered_display": "100", "missing_lines": 0, "excluded_lines": 0}, "missing_lines": [], "excluded_lines": []}}}, "src/autosar_pdf2txt/parser/__init__.py": {"executed_lines": [1, 3, 5], "summary": {"covered_lines": 2, "num_statements": 2, "percent_covered": 100.0, "percent_covered_display": "100", "missing_lines": 0, "excluded_lines": 0}, "missing_lines": [], "excluded_lines": [], "functions": {"": {"executed_lines": [1, 3, 5], "summary": {"covered_lines": 2, "num_statements": 2, "percent_covered": 100.0, "percent_covered_display": "100", "missing_lines": 0, "excluded_lines": 0}, "missing_lines": [], "excluded_lines": []}}, "classes": {"": {"executed_lines": [1, 3, 5], "summary": {"covered_lines": 2, "num_statements": 2, "percent_covered": 100.0, "percent_covered_display": "100", "missing_lines": 0, "excluded_lines": 0}, "missing_lines": [], "excluded_lines": []}}}, "src/autosar_pdf2txt/parser/base_parser.py": {"executed_lines": [1, 14, 15, 16, 18, 29, 32, 33, 54, 55, 56, 57, 58, 59, 60, 61, 62, 63, 64, 65, 66, 67, 68, 69, 74, 75, 76, 77, 78, 81, 82, 83, 84, 87, 89, 103, 105, 120, 126, 150, 154, 155, 156, 160, 161, 164, 165, 166, 169, 170, 171, 172, 175, 176, 181, 182, 185, 187, 203, 204, 205, 206, 208, 209, 211, 212, 217, 218, 219, 220, 221, 222, 223, 224, 226, 229, 230, 231, 233, 235, 251, 260, 283, 285, 294, 318, 319, 320, 327, 329, 344, 345, 346, 347, 349, 350, 351, 353, 366, 367, 368, 369, 370, 371, 372, 373, 374, 376, 398, 399, 400, 401, 407, 409, 422, 428, 440, 442, 455, 456, 459, 465, 468, 469, 472, 475, 476, 477, 479, 481, 502, 505, 506, 507, 508, 509, 510, 514, 516, 534, 535, 537, 542, 543, 544, 546, 547, 548, 550, 552, 554, 566, 567, 568, 569, 570, 572, 585, 586, 587, 589, 591, 593, 594, 596, 597, 599, 600, 601, 602, 604, 605, 607, 609, 610, 641, 642, 667, 668, 681, 682, 683, 684, 685, 691, 692, 705, 706, 708, 709, 711, 713, 714, 715, 717, 720, 721, 722, 724, 725, 736, 737, 750, 751, 753, 754, 756, 759, 760, 761, 762, 764, 765, 772, 774, 777, 779, 780, 793, 794, 796, 797], "summary": {"covered_lines": 220, "num_statements": 237, "percent_covered": 92.82700421940929, "percent_covered_display": "93", "missing_lines": 17, "excluded_lines": 0}, "missing_lines": [512, 639, 665, 686, 687, 688, 689, 799, 801, 802, 803, 805, 808, 809, 810, 812, 813], "excluded_lines": [], "functions": {"AbstractTypeParser._is_reference_type": {"executed_lines": [103], "summary": {"covered_lines": 1, "num_statements": 1, "percent_covered": 100.0, "percent_covered_display": "100", "missing_lines": 0, "excluded_lines": 0}, "missing_lines": [], "excluded_lines": []}, "AbstractTypeParser._is_broken_attribute_fragment": {"executed_lines": [120], "summary": {"covered_lines": 1, "num_statements": 1, "percent_covered": 100.0, "percent_covered_display": "100", "missing_lines": 0, "excluded_lines": 0}, "missing_lines": [], "excluded_lines": []}, "AbstractTypeParser._is_valid_package_path": {"executed_lines": [150, 154, 155, 156, 160, 161, 164, 165, 166, 169, 170, 171, 172, 175, 176, 181, 182, 185], "summary": {"covered_lines": 18, "num_statements": 18, "percent_covered": 100.0, "percent_covered_display": "100", "missing_lines": 0, "excluded_lines": 0}, "missing_lines": [], "excluded_lines": []}, "AbstractTypeParser._validate_atp_markers": {"executed_lines": [203, 204, 205, 206, 208, 209, 211, 212, 217, 218, 219, 220, 221, 222, 223, 224, 226, 229, 230, 231, 233], "summary": {"covered_lines": 21, "num_statements": 21, "percent_covered": 100.0, "percent_covered_display": "100", "missing_lines": 0, "excluded_lines": 0}, "missing_lines": [], "excluded_lines": []}, "AbstractTypeParser._should_filter_attribute": {"executed_lines": [251], "summary": {"covered_lines": 1, "num_statements": 1, "percent_covered": 100.0, "percent_covered_display": "100", "missing_lines": 0, "excluded_lines": 0}, "missing_lines": [], "excluded_lines": []}, "AbstractTypeParser._create_attribute_from_pending": {"executed_lines": [283, 285], "summary": {"covered_lines": 2, "num_statements": 2, "percent_covered": 100.0, "percent_covered_display": "100", "missing_lines": 0, "excluded_lines": 0}, "missing_lines": [], "excluded_lines": []}, "AbstractTypeParser._add_attribute_if_valid": {"executed_lines": [318, 319, 320, 327], "summary": {"covered_lines": 4, "num_statements": 4, "percent_covered": 100.0, "percent_covered_display": "100", "missing_lines": 0, "excluded_lines": 0}, "missing_lines": [], "excluded_lines": []}, "AbstractTypeParser._is_valid_type_definition": {"executed_lines": [344, 345, 346, 347, 349, 350, 351], "summary": {"covered_lines": 7, "num_statements": 7, "percent_covered": 100.0, "percent_covered_display": "100", "missing_lines": 0, "excluded_lines": 0}, "missing_lines": [], "excluded_lines": []}, "AbstractTypeParser._extract_package_path": {"executed_lines": [366, 367, 368, 369, 370, 371, 372, 373, 374], "summary": {"covered_lines": 9, "num_statements": 9, "percent_covered": 100.0, "percent_covered_display": "100", "missing_lines": 0, "excluded_lines": 0}, "missing_lines": [], "excluded_lines": []}, "AbstractTypeParser._create_source_location": {"executed_lines": [398, 399, 400, 401, 407], "summary": {"covered_lines": 5, "num_statements": 5, "percent_covered": 100.0, "percent_covered_display": "100", "missing_lines": 0, "excluded_lines": 0}, "missing_lines": [], "excluded_lines": []}, "AbstractTypeParser._is_new_type_definition": {"executed_lines": [422], "summary": {"covered_lines": 1, "num_statements": 1, "percent_covered": 100.0, "percent_covered_display": "100", "missing_lines": 0, "excluded_lines": 0}, "missing_lines": [], "excluded_lines": []}, "AbstractTypeParser._is_table_marker": {"executed_lines": [440], "summary": {"covered_lines": 1, "num_statements": 1, "percent_covered": 100.0, "percent_covered_display": "100", "missing_lines": 0, "excluded_lines": 0}, "missing_lines": [], "excluded_lines": []}, "AbstractTypeParser._is_note_continuation": {"executed_lines": [455, 456, 459, 465, 468, 469, 472, 475, 476, 477, 479], "summary": {"covered_lines": 11, "num_statements": 11, "percent_covered": 100.0, "percent_covered_display": "100", "missing_lines": 0, "excluded_lines": 0}, "missing_lines": [], "excluded_lines": []}, "AbstractTypeParser._extract_note_text": {"executed_lines": [502, 505, 506, 507, 508, 509, 510, 514], "summary": {"covered_lines": 8, "num_statements": 9, "percent_covered": 88.88888888888889, "percent_covered_display": "89", "missing_lines": 1, "excluded_lines": 0}, "missing_lines": [512], "excluded_lines": []}, "AbstractTypeParser._handle_attribute_continuation": {"executed_lines": [534, 535, 537, 542, 543, 544, 546, 547, 548, 550, 552], "summary": {"covered_lines": 11, "num_statements": 11, "percent_covered": 100.0, "percent_covered_display": "100", "missing_lines": 0, "excluded_lines": 0}, "missing_lines": [], "excluded_lines": []}, "AbstractTypeParser._parse_attribute_kind": {"executed_lines": [566, 567, 568, 569, 570], "summary": {"covered_lines": 5, "num_statements": 5, "percent_covered": 100.0, "percent_covered_display": "100", "missing_lines": 0, "excluded_lines": 0}, "missing_lines": [], "excluded_lines": []}, "AbstractTypeParser._extract_attribute_parts": {"executed_lines": [585, 586, 587, 589, 591, 593, 594, 596, 597, 599, 600, 601, 602, 604, 605, 607], "summary": {"covered_lines": 16, "num_statements": 16, "percent_covered": 100.0, "percent_covered_display": "100", "missing_lines": 0, "excluded_lines": 0}, "missing_lines": [], "excluded_lines": []}, "AbstractTypeParser.parse_definition": {"executed_lines": [], "summary": {"covered_lines": 0, "num_statements": 1, "percent_covered": 0.0, "percent_covered_display": "0", "missing_lines": 1, "excluded_lines": 0}, "missing_lines": [639], "excluded_lines": []}, "AbstractTypeParser.continue_parsing": {"executed_lines": [], "summary": {"covered_lines": 0, "num_statements": 1, "percent_covered": 0.0, "percent_covered_display": "0", "missing_lines": 1, "excluded_lines": 0}, "missing_lines": [665], "excluded_lines": []}, "AbstractTypeParser._load_patches": {"executed_lines": [681, 682, 683, 684, 685], "summary": {"covered_lines": 5, "num_statements": 9, "percent_covered": 55.55555555555556, "percent_covered_display": "56", "missing_lines": 4, "excluded_lines": 0}, "missing_lines": [686, 687, 688, 689], "excluded_lines": []}, "AbstractTypeParser.apply_class_patches": {"executed_lines": [705, 706, 708, 709, 711, 713, 714, 715, 717, 720, 721, 722, 724, 725], "summary": {"covered_lines": 14, "num_statements": 14, "percent_covered": 100.0, "percent_covered_display": "100", "missing_lines": 0, "excluded_lines": 0}, "missing_lines": [], "excluded_lines": []}, "AbstractTypeParser.apply_enumeration_patches": {"executed_lines": [750, 751, 753, 754, 756, 759, 760, 761, 762, 764, 765, 772, 774, 777], "summary": {"covered_lines": 14, "num_statements": 14, "percent_covered": 100.0, "percent_covered_display": "100", "missing_lines": 0, "excluded_lines": 0}, "missing_lines": [], "excluded_lines": []}, "AbstractTypeParser.apply_primitive_patches": {"executed_lines": [793, 794, 796, 797], "summary": {"covered_lines": 4, "num_statements": 14, "percent_covered": 28.571428571428573, "percent_covered_display": "29", "missing_lines": 10, "excluded_lines": 0}, "missing_lines": [799, 801, 802, 803, 805, 808, 809, 810, 812, 813], "excluded_lines": []}, "": {"executed_lines": [1, 14, 15, 16, 18, 29, 32, 33, 54, 55, 56, 57, 58, 59, 60, 61, 62, 63, 64, 65, 66, 67, 68, 69, 74, 75, 76, 77, 78, 81, 82, 83, 84, 87, 89, 105, 126, 187, 235, 260, 294, 329, 353, 376, 409, 428, 442, 481, 516, 554, 572, 609, 610, 641, 642, 667, 668, 691, 692, 736, 737, 779, 780], "summary": {"covered_lines": 61, "num_statements": 61, "percent_covered": 100.0, "percent_covered_display": "100", "missing_lines": 0, "excluded_lines": 0}, "missing_lines": [], "excluded_lines": []}}, "classes": {"AbstractTypeParser": {"executed_lines": [103, 120, 150, 154, 155, 156, 160, 161, 164, 165, 166, 169, 170, 171, 172, 175, 176, 181, 182, 185, 203, 204, 205, 206, 208, 209, 211, 212, 217, 218, 219, 220, 221, 222, 223, 224, 226, 229, 230, 231, 233, 251, 283, 285, 318, 319, 320, 327, 344, 345, 346, 347, 349, 350, 351, 366, 367, 368, 369, 370, 371, 372, 373, 374, 398, 399, 400, 401, 407, 422, 440, 455, 456, 459, 465, 468, 469, 472, 475, 476, 477, 479, 502, 505, 506, 507, 508, 509, 510, 514, 534, 535, 537, 542, 543, 544, 546, 547, 548, 550, 552, 566, 567, 568, 569, 570, 585, 586, 587, 589, 591, 593, 594, 596, 597, 599, 600, 601, 602, 604, 605, 607, 681, 682, 683, 684, 685, 705, 706, 708, 709, 711, 713, 714, 715, 717, 720, 721, 722, 724, 725, 750, 751, 753, 754, 756, 759, 760, 761, 762, 764, 765, 772, 774, 777, 793, 794, 796, 797], "summary": {"covered_lines": 159, "num_statements": 176, "percent_covered": 90.3409090909091, "percent_covered_display": "90", "missing_lines": 17, "excluded_lines": 0}, "missing_lines": [512, 639, 665, 686, 687, 688, 689, 799, 801, 802, 803, 805, 808, 809, 810, 812, 813], "excluded_lines": []}, "": {"executed_lines": [1, 14, 15, 16, 18, 29, 32, 33, 54, 55, 56, 57, 58, 59, 60, 61, 62, 63, 64, 65, 66, 67, 68, 69, 74, 75, 76, 77, 78, 81, 82, 83, 84, 87, 89, 105, 126, 187, 235, 260, 294, 329, 353, 376, 409, 428, 442, 481, 516, 554, 572, 609, 610, 641, 642, 667, 668, 691, 692, 736, 737, 779, 780], "summary": {"covered_lines": 61, "num_statements": 61, "percent_covered": 100.0, "percent_covered_display": "100", "missing_lines": 0, "excluded_lines": 0}, "missing_lines": [], "excluded_lines": []}}}, "src/autosar_pdf2txt/parser/class_parser.py": {"executed_lines": [1, 16, 17, 19, 23, 26, 27, 46, 59, 61, 62, 63, 64, 65, 66, 67, 68, 70, 75, 78, 81, 83, 92, 93, 94, 95, 96, 97, 98, 99, 100, 105, 107, 122, 123, 124, 125, 126, 134, 162, 163, 165, 166, 168, 169, 172, 173, 176, 179, 180, 183, 184, 187, 188, 192, 197, 205, 207, 232, 233, 234, 235, 237, 238, 239, 242, 243, 244, 245, 246, 247, 248, 251, 252, 253, 254, 255, 256, 257, 258, 259, 263, 264, 267, 269, 270, 271, 272, 278, 279, 280, 283, 284, 285, 286, 287, 288, 291, 295, 297, 299, 300, 301, 305, 306, 309, 310, 311, 312, 317, 318, 319, 326, 329, 332, 333, 334, 336, 339, 340, 341, 342, 343, 345, 346, 348, 351, 352, 353, 354, 355, 357, 360, 361, 362, 363, 364, 369, 370, 372, 378, 380, 382, 383, 388, 392, 395, 396, 399, 401, 402, 404, 407, 408, 413, 417, 418, 421, 423, 424, 425, 427, 432, 436, 437, 439, 440, 441, 444, 445, 453, 459, 462, 463, 464, 465, 466, 467, 468, 470, 471, 472, 473, 474, 475, 476, 478, 481, 482, 485, 486, 491, 493, 496, 498, 510, 511, 512, 514, 515, 516, 518, 519, 520, 522, 524, 538, 540, 541, 543, 544, 546, 564, 567, 569, 577, 578, 581, 586, 591, 592, 594, 595, 599, 600, 601, 602, 604, 605, 606, 607, 610, 611, 612, 614, 616, 617, 619, 628, 629, 630, 632, 633, 634, 635, 636, 637, 638, 639, 641, 643, 660, 663, 666, 667, 670, 673, 674, 675, 676, 677, 681, 683, 712, 722, 737, 738, 740, 741, 742, 754, 756, 757, 758, 767, 773, 778, 779, 780, 781, 782, 783, 785, 786, 788, 793, 800, 806, 807, 808, 809, 811, 812, 814, 818, 819, 828, 829, 830, 839, 844, 845, 851, 854, 855, 859, 866, 869, 876, 877, 880, 882, 883, 884, 885, 887, 890, 892, 894, 903, 912, 913, 914, 915, 916, 918, 919, 921, 937, 940, 941, 942, 943, 946, 947, 948, 949, 951, 953, 968, 969, 973, 976, 977, 979], "summary": {"covered_lines": 343, "num_statements": 360, "percent_covered": 95.27777777777777, "percent_covered_display": "95", "missing_lines": 17, "excluded_lines": 0}, "missing_lines": [127, 129, 130, 132, 189, 454, 565, 570, 679, 723, 728, 729, 730, 731, 732, 733, 734], "excluded_lines": [], "functions": {"AutosarClassParser.__init__": {"executed_lines": [59, 61, 62, 63, 64, 65, 66, 67, 68, 70, 75, 78, 81], "summary": {"covered_lines": 13, "num_statements": 13, "percent_covered": 100.0, "percent_covered_display": "100", "missing_lines": 0, "excluded_lines": 0}, "missing_lines": [], "excluded_lines": []}, "AutosarClassParser._reset_state": {"executed_lines": [92, 93, 94, 95, 96, 97, 98, 99, 100, 105], "summary": {"covered_lines": 10, "num_statements": 10, "percent_covered": 100.0, "percent_covered_display": "100", "missing_lines": 0, "excluded_lines": 0}, "missing_lines": [], "excluded_lines": []}, "AutosarClassParser._load_type_prefix_config": {"executed_lines": [122, 123, 124, 125, 126], "summary": {"covered_lines": 5, "num_statements": 9, "percent_covered": 55.55555555555556, "percent_covered_display": "56", "missing_lines": 4, "excluded_lines": 0}, "missing_lines": [127, 129, 130, 132], "excluded_lines": []}, "AutosarClassParser.parse_definition": {"executed_lines": [162, 163, 165, 166, 168, 169, 172, 173, 176, 179, 180, 183, 184, 187, 188, 192, 197, 205], "summary": {"covered_lines": 18, "num_statements": 19, "percent_covered": 94.73684210526316, "percent_covered_display": "95", "missing_lines": 1, "excluded_lines": 0}, "missing_lines": [189], "excluded_lines": []}, "AutosarClassParser.continue_parsing": {"executed_lines": [232, 233, 234, 235, 237, 238, 239, 242, 243, 244, 245, 246, 247, 248, 251, 252, 253, 254, 255, 256, 257, 258, 259, 263, 264, 267, 269, 270, 271, 272, 278, 279, 280, 283, 284, 285, 286, 287, 288, 291, 295, 297, 299, 300, 301, 305, 306, 309, 310, 311, 312, 317, 318, 319, 326, 329, 332, 333, 334, 336, 339, 340, 341, 342, 343, 345, 346, 348, 351, 352, 353, 354, 355, 357, 360, 361, 362, 363, 364, 369, 370, 372, 378, 380, 382, 383, 388, 392, 395, 396, 399, 401, 402, 404, 407, 408, 413, 417, 418, 421, 423, 424, 425, 427, 432, 436, 437, 439, 440, 441, 444, 445, 453, 459, 462, 463, 464, 465, 466, 467, 468, 470, 471, 472, 473, 474, 475, 476, 478, 481, 482, 485, 486, 491, 493, 496], "summary": {"covered_lines": 136, "num_statements": 137, "percent_covered": 99.27007299270073, "percent_covered_display": "99", "missing_lines": 1, "excluded_lines": 0}, "missing_lines": [454], "excluded_lines": []}, "AutosarClassParser._try_match_class_list_pattern": {"executed_lines": [510, 511, 512, 514, 515, 516, 518, 519, 520, 522], "summary": {"covered_lines": 10, "num_statements": 10, "percent_covered": 100.0, "percent_covered_display": "100", "missing_lines": 0, "excluded_lines": 0}, "missing_lines": [], "excluded_lines": []}, "AutosarClassParser._parse_class_list_line": {"executed_lines": [538, 540, 541, 543, 544], "summary": {"covered_lines": 5, "num_statements": 5, "percent_covered": 100.0, "percent_covered_display": "100", "missing_lines": 0, "excluded_lines": 0}, "missing_lines": [], "excluded_lines": []}, "AutosarClassParser._handle_class_list_continuation": {"executed_lines": [564, 567, 569, 577, 578, 581, 586, 591, 592, 594, 595, 599, 600, 601, 602, 604, 605, 606, 607, 610, 611, 612, 614, 616, 617], "summary": {"covered_lines": 25, "num_statements": 27, "percent_covered": 92.5925925925926, "percent_covered_display": "93", "missing_lines": 2, "excluded_lines": 0}, "missing_lines": [565, 570], "excluded_lines": []}, "AutosarClassParser._finalize_pending_class_lists": {"executed_lines": [628, 629, 630, 632, 633, 634, 635, 636, 637, 638, 639, 641], "summary": {"covered_lines": 12, "num_statements": 12, "percent_covered": 100.0, "percent_covered_display": "100", "missing_lines": 0, "excluded_lines": 0}, "missing_lines": [], "excluded_lines": []}, "AutosarClassParser._process_note_line": {"executed_lines": [660, 663, 666, 667, 670, 673, 674, 675, 676, 677, 681], "summary": {"covered_lines": 11, "num_statements": 12, "percent_covered": 91.66666666666667, "percent_covered_display": "92", "missing_lines": 1, "excluded_lines": 0}, "missing_lines": [679], "excluded_lines": []}, "AutosarClassParser._process_attribute_line": {"executed_lines": [712, 722, 737, 738, 740, 741, 742, 754, 756, 757, 758, 767, 773, 778, 779, 780, 781, 782, 783, 785, 786, 788, 793, 800, 806, 807, 808, 809, 811, 812, 814, 818, 819, 828, 829, 830, 839, 844, 845, 851, 854, 855, 859, 866, 869, 876, 877, 880, 882, 883, 884, 885, 887, 890, 892], "summary": {"covered_lines": 55, "num_statements": 63, "percent_covered": 87.3015873015873, "percent_covered_display": "87", "missing_lines": 8, "excluded_lines": 0}, "missing_lines": [723, 728, 729, 730, 731, 732, 733, 734], "excluded_lines": []}, "AutosarClassParser._finalize_pending_attribute": {"executed_lines": [903, 912, 913, 914, 915, 916, 918, 919], "summary": {"covered_lines": 8, "num_statements": 8, "percent_covered": 100.0, "percent_covered_display": "100", "missing_lines": 0, "excluded_lines": 0}, "missing_lines": [], "excluded_lines": []}, "AutosarClassParser._extract_tags": {"executed_lines": [937, 940, 941, 942, 943, 946, 947, 948, 949, 951], "summary": {"covered_lines": 10, "num_statements": 10, "percent_covered": 100.0, "percent_covered_display": "100", "missing_lines": 0, "excluded_lines": 0}, "missing_lines": [], "excluded_lines": []}, "AutosarClassParser._remove_tags_from_note": {"executed_lines": [968, 969, 973, 976, 977, 979], "summary": {"covered_lines": 6, "num_statements": 6, "percent_covered": 100.0, "percent_covered_display": "100", "missing_lines": 0, "excluded_lines": 0}, "missing_lines": [], "excluded_lines": []}, "": {"executed_lines": [1, 16, 17, 19, 23, 26, 27, 46, 83, 107, 134, 207, 498, 524, 546, 619, 643, 683, 894, 921, 953], "summary": {"covered_lines": 19, "num_statements": 19, "percent_covered": 100.0, "percent_covered_display": "100", "missing_lines": 0, "excluded_lines": 0}, "missing_lines": [], "excluded_lines": []}}, "classes": {"AutosarClassParser": {"executed_lines": [59, 61, 62, 63, 64, 65, 66, 67, 68, 70, 75, 78, 81, 92, 93, 94, 95, 96, 97, 98, 99, 100, 105, 122, 123, 124, 125, 126, 162, 163, 165, 166, 168, 169, 172, 173, 176, 179, 180, 183, 184, 187, 188, 192, 197, 205, 232, 233, 234, 235, 237, 238, 239, 242, 243, 244, 245, 246, 247, 248, 251, 252, 253, 254, 255, 256, 257, 258, 259, 263, 264, 267, 269, 270, 271, 272, 278, 279, 280, 283, 284, 285, 286, 287, 288, 291, 295, 297, 299, 300, 301, 305, 306, 309, 310, 311, 312, 317, 318, 319, 326, 329, 332, 333, 334, 336, 339, 340, 341, 342, 343, 345, 346, 348, 351, 352, 353, 354, 355, 357, 360, 361, 362, 363, 364, 369, 370, 372, 378, 380, 382, 383, 388, 392, 395, 396, 399, 401, 402, 404, 407, 408, 413, 417, 418, 421, 423, 424, 425, 427, 432, 436, 437, 439, 440, 441, 444, 445, 453, 459, 462, 463, 464, 465, 466, 467, 468, 470, 471, 472, 473, 474, 475, 476, 478, 481, 482, 485, 486, 491, 493, 496, 510, 511, 512, 514, 515, 516, 518, 519, 520, 522, 538, 540, 541, 543, 544, 564, 567, 569, 577, 578, 581, 586, 591, 592, 594, 595, 599, 600, 601, 602, 604, 605, 606, 607, 610, 611, 612, 614, 616, 617, 628, 629, 630, 632, 633, 634, 635, 636, 637, 638, 639, 641, 660, 663, 666, 667, 670, 673, 674, 675, 676, 677, 681, 712, 722, 737, 738, 740, 741, 742, 754, 756, 757, 758, 767, 773, 778, 779, 780, 781, 782, 783, 785, 786, 788, 793, 800, 806, 807, 808, 809, 811, 812, 814, 818, 819, 828, 829, 830, 839, 844, 845, 851, 854, 855, 859, 866, 869, 876, 877, 880, 882, 883, 884, 885, 887, 890, 892, 903, 912, 913, 914, 915, 916, 918, 919, 937, 940, 941, 942, 943, 946, 947, 948, 949, 951, 968, 969, 973, 976, 977, 979], "summary": {"covered_lines": 324, "num_statements": 341, "percent_covered": 95.01466275659824, "percent_covered_display": "95", "missing_lines": 17, "excluded_lines": 0}, "missing_lines": [127, 129, 130, 132, 189, 454, 565, 570, 679, 723, 728, 729, 730, 731, 732, 733, 734], "excluded_lines": []}, "": {"executed_lines": [1, 16, 17, 19, 23, 26, 27, 46, 83, 107, 134, 207, 498, 524, 546, 619, 643, 683, 894, 921, 953], "summary": {"covered_lines": 19, "num_statements": 19, "percent_covered": 100.0, "percent_covered_display": "100", "missing_lines": 0, "excluded_lines": 0}, "missing_lines": [], "excluded_lines": []}}}, "src/autosar_pdf2txt/parser/enumeration_parser.py": {"executed_lines": [1, 16, 17, 18, 20, 22, 26, 29, 30, 45, 54, 56, 58, 61, 62, 63, 64, 65, 66, 68, 82, 84, 94, 95, 98, 100, 102, 111, 112, 114, 143, 145, 146, 148, 149, 151, 152, 155, 158, 161, 162, 165, 166, 170, 175, 181, 205, 206, 207, 208, 210, 211, 212, 215, 216, 217, 218, 219, 222, 225, 226, 228, 229, 231, 232, 235, 236, 237, 240, 241, 242, 246, 247, 250, 251, 252, 253, 254, 256, 259, 263, 264, 266, 268, 284, 285, 290, 292, 309, 310, 313, 315, 330, 336, 337, 339, 342, 344, 346, 347, 348, 353, 357, 358, 359, 361, 363, 364, 366, 367, 368, 371, 372, 373, 374, 382, 385, 386, 387, 389, 392, 393, 395, 397, 401, 403, 404, 406, 409, 413, 415, 416, 418, 421, 423, 426, 427, 429, 430, 431, 434, 442, 443, 444, 445, 446, 447, 449, 452, 454, 469, 481, 492, 497, 498, 499, 500, 503, 504, 505, 506, 507, 508, 511, 518, 519, 525, 526, 528, 529, 530, 531, 532, 533, 534, 535, 538, 555, 556, 557, 560, 561, 562, 563, 567, 569, 571, 573, 575, 578, 579, 580, 583, 586, 587, 588, 589, 590, 591, 594, 601, 603, 605, 624, 640, 643, 644, 645, 646, 649, 650, 651, 652, 654, 656, 670, 671], "summary": {"covered_lines": 215, "num_statements": 235, "percent_covered": 91.48936170212765, "percent_covered_display": "91", "missing_lines": 20, "excluded_lines": 0}, "missing_lines": [86, 167, 243, 244, 245, 331, 340, 424, 540, 542, 543, 545, 546, 548, 549, 618, 619, 620, 621, 622], "excluded_lines": [], "functions": {"AutosarEnumerationParser.__init__": {"executed_lines": [54, 56, 58, 61, 62, 63, 64, 65, 66], "summary": {"covered_lines": 9, "num_statements": 9, "percent_covered": 100.0, "percent_covered_display": "100", "missing_lines": 0, "excluded_lines": 0}, "missing_lines": [], "excluded_lines": []}, "AutosarEnumerationParser._load_yaml_config": {"executed_lines": [82, 84, 94, 95, 98, 100], "summary": {"covered_lines": 6, "num_statements": 7, "percent_covered": 85.71428571428571, "percent_covered_display": "86", "missing_lines": 1, "excluded_lines": 0}, "missing_lines": [86], "excluded_lines": []}, "AutosarEnumerationParser._reset_state": {"executed_lines": [111, 112], "summary": {"covered_lines": 2, "num_statements": 2, "percent_covered": 100.0, "percent_covered_display": "100", "missing_lines": 0, "excluded_lines": 0}, "missing_lines": [], "excluded_lines": []}, "AutosarEnumerationParser.parse_definition": {"executed_lines": [143, 145, 146, 148, 149, 151, 152, 155, 158, 161, 162, 165, 166, 170, 175], "summary": {"covered_lines": 15, "num_statements": 16, "percent_covered": 93.75, "percent_covered_display": "94", "missing_lines": 1, "excluded_lines": 0}, "missing_lines": [167], "excluded_lines": []}, "AutosarEnumerationParser.continue_parsing": {"executed_lines": [205, 206, 207, 208, 210, 211, 212, 215, 216, 217, 218, 219, 222, 225, 226, 228, 229, 231, 232, 235, 236, 237, 240, 241, 242, 246, 247, 250, 251, 252, 253, 254, 256, 259, 263, 264, 266], "summary": {"covered_lines": 37, "num_statements": 40, "percent_covered": 92.5, "percent_covered_display": "92", "missing_lines": 3, "excluded_lines": 0}, "missing_lines": [243, 244, 245], "excluded_lines": []}, "AutosarEnumerationParser._finalize_enumeration": {"executed_lines": [284, 285, 290], "summary": {"covered_lines": 3, "num_statements": 3, "percent_covered": 100.0, "percent_covered_display": "100", "missing_lines": 0, "excluded_lines": 0}, "missing_lines": [], "excluded_lines": []}, "AutosarEnumerationParser._apply_patches": {"executed_lines": [309, 310, 313], "summary": {"covered_lines": 3, "num_statements": 3, "percent_covered": 100.0, "percent_covered_display": "100", "missing_lines": 0, "excluded_lines": 0}, "missing_lines": [], "excluded_lines": []}, "AutosarEnumerationParser._process_enumeration_literal_line": {"executed_lines": [330, 336, 337, 339, 342, 344, 346, 347, 348, 353, 357, 358, 359, 361, 363, 364, 366, 367, 368, 371, 372, 373, 374, 382, 385, 386, 387, 389, 392, 393, 395, 397, 401, 403, 404, 406, 409, 413, 415, 416, 418, 421, 423, 426, 427, 429, 430, 431, 434, 442, 443, 444, 445, 446, 447, 449, 452, 454, 469, 481, 492, 497, 498, 499, 500, 503, 504, 505, 506, 507, 508, 511, 518, 519, 525, 526, 528, 529, 530, 531, 532, 533, 534, 535, 538, 555, 556, 557, 560, 561, 562, 563, 567, 569, 571, 573, 575, 578, 579, 580, 583, 586, 587, 588, 589, 590, 591, 594, 601, 603], "summary": {"covered_lines": 110, "num_statements": 120, "percent_covered": 91.66666666666667, "percent_covered_display": "92", "missing_lines": 10, "excluded_lines": 0}, "missing_lines": [331, 340, 424, 540, 542, 543, 545, 546, 548, 549], "excluded_lines": []}, "AutosarEnumerationParser._extract_literal_index": {"executed_lines": [], "summary": {"covered_lines": 0, "num_statements": 5, "percent_covered": 0.0, "percent_covered_display": "0", "missing_lines": 5, "excluded_lines": 0}, "missing_lines": [618, 619, 620, 621, 622], "excluded_lines": []}, "AutosarEnumerationParser._extract_literal_tags": {"executed_lines": [640, 643, 644, 645, 646, 649, 650, 651, 652, 654], "summary": {"covered_lines": 10, "num_statements": 10, "percent_covered": 100.0, "percent_covered_display": "100", "missing_lines": 0, "excluded_lines": 0}, "missing_lines": [], "excluded_lines": []}, "AutosarEnumerationParser._process_note_line": {"executed_lines": [670, 671], "summary": {"covered_lines": 2, "num_statements": 2, "percent_covered": 100.0, "percent_covered_display": "100", "missing_lines": 0, "excluded_lines": 0}, "missing_lines": [], "excluded_lines": []}, "": {"executed_lines": [1, 16, 17, 18, 20, 22, 26, 29, 30, 45, 68, 102, 114, 181, 268, 292, 315, 605, 624, 656], "summary": {"covered_lines": 18, "num_statements": 18, "percent_covered": 100.0, "percent_covered_display": "100", "missing_lines": 0, "excluded_lines": 0}, "missing_lines": [], "excluded_lines": []}}, "classes": {"AutosarEnumerationParser": {"executed_lines": [54, 56, 58, 61, 62, 63, 64, 65, 66, 82, 84, 94, 95, 98, 100, 111, 112, 143, 145, 146, 148, 149, 151, 152, 155, 158, 161, 162, 165, 166, 170, 175, 205, 206, 207, 208, 210, 211, 212, 215, 216, 217, 218, 219, 222, 225, 226, 228, 229, 231, 232, 235, 236, 237, 240, 241, 242, 246, 247, 250, 251, 252, 253, 254, 256, 259, 263, 264, 266, 284, 285, 290, 309, 310, 313, 330, 336, 337, 339, 342, 344, 346, 347, 348, 353, 357, 358, 359, 361, 363, 364, 366, 367, 368, 371, 372, 373, 374, 382, 385, 386, 387, 389, 392, 393, 395, 397, 401, 403, 404, 406, 409, 413, 415, 416, 418, 421, 423, 426, 427, 429, 430, 431, 434, 442, 443, 444, 445, 446, 447, 449, 452, 454, 469, 481, 492, 497, 498, 499, 500, 503, 504, 505, 506, 507, 508, 511, 518, 519, 525, 526, 528, 529, 530, 531, 532, 533, 534, 535, 538, 555, 556, 557, 560, 561, 562, 563, 567, 569, 571, 573, 575, 578, 579, 580, 583, 586, 587, 588, 589, 590, 591, 594, 601, 603, 640, 643, 644, 645, 646, 649, 650, 651, 652, 654, 670, 671], "summary": {"covered_lines": 197, "num_statements": 217, "percent_covered": 90.78341013824885, "percent_covered_display": "91", "missing_lines": 20, "excluded_lines": 0}, "missing_lines": [86, 167, 243, 244, 245, 331, 340, 424, 540, 542, 543, 545, 546, 548, 549, 618, 619, 620, 621, 622], "excluded_lines": []}, "": {"executed_lines": [1, 16, 17, 18, 20, 22, 26, 29, 30, 45, 68, 102, 114, 181, 268, 292, 315, 605, 624, 656], "summary": {"covered_lines": 18, "num_statements": 18, "percent_covered": 100.0, "percent_covered_display": "100", "missing_lines": 0, "excluded_lines": 0}, "missing_lines": [], "excluded_lines": []}}}, "src/autosar_pdf2txt/parser/pdf_parser.py": {"executed_lines": [1, 22, 23, 24, 25, 26, 28, 36, 38, 39, 40, 42, 45, 46, 62, 72, 75, 76, 77, 79, 89, 90, 96, 113, 115, 116, 119, 121, 123, 125, 126, 127, 130, 131, 132, 134, 136, 155, 157, 182, 183, 184, 185, 186, 189, 191, 203, 205, 224, 226, 229, 234, 235, 237, 238, 241, 242, 244, 247, 249, 252, 253, 254, 255, 258, 259, 261, 263, 264, 267, 268, 271, 274, 275, 277, 285, 286, 288, 290, 327, 328, 329, 330, 331, 332, 335, 337, 338, 342, 344, 345, 346, 347, 350, 351, 352, 355, 356, 359, 360, 361, 363, 365, 366, 367, 368, 370, 371, 375, 376, 377, 378, 379, 380, 381, 383, 385, 386, 387, 388, 389, 390, 391, 403, 405, 417, 418, 419, 421, 426, 427, 432, 433, 434, 437, 438, 439, 440, 443, 445, 446, 449, 451, 453, 454, 455, 456, 459, 460, 462, 463, 466, 467, 471, 475, 477, 479, 480, 481, 483, 487, 519, 521, 523, 537, 543, 546, 548, 553, 554, 555, 556, 557, 558, 561, 562, 563, 565, 571, 577, 580, 581, 584, 587, 589, 591, 612, 615, 616, 618, 619, 620, 621, 623, 624, 625, 627, 628, 630, 633, 634, 636, 657, 658, 659, 662, 663, 664, 665, 667, 668, 669, 670, 671, 674, 677, 681, 683, 685, 700, 701, 702, 703, 704, 707, 709, 710, 712, 713, 715, 716, 718, 719, 720, 721, 722, 723, 724, 725, 727, 730, 731, 735, 738, 740, 742, 743, 744, 746, 748, 769, 770, 773, 777, 780, 781, 782, 783, 784, 787, 788, 794, 796, 798, 803, 804, 805, 806, 807, 810, 811, 812, 814, 818, 820, 821, 823, 835, 836, 837, 838, 839, 840, 841, 844, 845, 846, 847, 849, 867, 869, 870, 871, 873, 874, 875, 876, 877, 879, 881, 896, 897, 898, 899, 900, 902, 914, 915, 916, 917, 918, 920, 933, 934, 935, 936, 937, 944, 951, 959, 982, 983, 984, 985, 987, 988, 989, 994, 997, 998, 1004, 1007, 1008, 1013, 1016, 1017, 1018, 1019, 1025, 1028, 1037, 1095], "summary": {"covered_lines": 340, "num_statements": 426, "percent_covered": 79.81220657276995, "percent_covered_display": "80", "missing_lines": 86, "excluded_lines": 2}, "missing_lines": [394, 395, 399, 407, 408, 409, 411, 413, 422, 484, 488, 489, 491, 492, 495, 496, 500, 504, 506, 508, 509, 511, 516, 517, 945, 952, 1029, 1035, 1050, 1051, 1052, 1053, 1055, 1059, 1062, 1064, 1065, 1067, 1068, 1070, 1071, 1073, 1074, 1075, 1076, 1077, 1078, 1079, 1080, 1082, 1083, 1085, 1087, 1089, 1090, 1091, 1093, 1110, 1113, 1114, 1116, 1117, 1121, 1122, 1125, 1130, 1131, 1134, 1135, 1136, 1137, 1138, 1140, 1142, 1147, 1148, 1149, 1150, 1151, 1153, 1154, 1155, 1157, 1161, 1163, 1164], "excluded_lines": [91, 92], "functions": {"PdfParser.__init__": {"executed_lines": [72, 75, 76, 77], "summary": {"covered_lines": 4, "num_statements": 4, "percent_covered": 100.0, "percent_covered_display": "100", "missing_lines": 0, "excluded_lines": 0}, "missing_lines": [], "excluded_lines": []}, "PdfParser._validate_backend": {"executed_lines": [89, 90], "summary": {"covered_lines": 2, "num_statements": 2, "percent_covered": 100.0, "percent_covered_display": "100", "missing_lines": 0, "excluded_lines": 2}, "missing_lines": [], "excluded_lines": [91, 92]}, "PdfParser._extract_autosar_metadata": {"executed_lines": [113, 115, 116, 119, 121, 123, 125, 126, 127, 130, 131, 132, 134], "summary": {"covered_lines": 13, "num_statements": 13, "percent_covered": 100.0, "percent_covered_display": "100", "missing_lines": 0, "excluded_lines": 0}, "missing_lines": [], "excluded_lines": []}, "PdfParser.parse_pdf": {"executed_lines": [155], "summary": {"covered_lines": 1, "num_statements": 1, "percent_covered": 100.0, "percent_covered_display": "100", "missing_lines": 0, "excluded_lines": 0}, "missing_lines": [], "excluded_lines": []}, "PdfParser.parse_pdfs": {"executed_lines": [182, 183, 184, 185, 186, 189], "summary": {"covered_lines": 6, "num_statements": 6, "percent_covered": 100.0, "percent_covered_display": "100", "missing_lines": 0, "excluded_lines": 0}, "missing_lines": [], "excluded_lines": []}, "PdfParser._extract_models": {"executed_lines": [203], "summary": {"covered_lines": 1, "num_statements": 1, "percent_covered": 100.0, "percent_covered_display": "100", "missing_lines": 0, "excluded_lines": 0}, "missing_lines": [], "excluded_lines": []}, "PdfParser._extract_with_pdfplumber": {"executed_lines": [224, 226, 229, 234, 235, 237, 238, 241, 242, 244, 247, 249, 252, 253, 254, 255, 258, 259, 261, 263, 264, 267, 268, 271, 274, 275, 277, 285, 286, 288], "summary": {"covered_lines": 30, "num_statements": 30, "percent_covered": 100.0, "percent_covered_display": "100", "missing_lines": 0, "excluded_lines": 0}, "missing_lines": [], "excluded_lines": []}, "PdfParser._parse_complete_text": {"executed_lines": [327, 328, 329, 330, 331, 332, 335, 337, 338, 342, 344, 345, 346, 347, 350, 351, 352, 355, 356, 359, 360, 361, 363, 365, 366, 367, 368, 370, 371, 375, 376, 377, 378, 379, 380, 381, 383, 385, 386, 387, 388, 389, 390, 391, 403, 405, 417, 418, 419, 421, 426, 427, 432, 433, 434, 437, 438, 439, 440, 443, 445, 446, 449, 451, 453, 454, 455, 456, 459, 460, 462, 463, 466, 467, 471, 475, 477, 479, 480, 481, 483, 487, 519, 521], "summary": {"covered_lines": 84, "num_statements": 108, "percent_covered": 77.77777777777777, "percent_covered_display": "78", "missing_lines": 24, "excluded_lines": 0}, "missing_lines": [394, 395, 399, 407, 408, 409, 411, 413, 422, 484, 488, 489, 491, 492, 495, 496, 500, 504, 506, 508, 509, 511, 516, 517], "excluded_lines": []}, "PdfParser._build_package_hierarchy": {"executed_lines": [537, 543, 546, 548, 553, 554, 555, 556, 557, 558, 561, 562, 563, 565, 571, 577, 580, 581, 584, 587, 589], "summary": {"covered_lines": 21, "num_statements": 21, "percent_covered": 100.0, "percent_covered_display": "100", "missing_lines": 0, "excluded_lines": 0}, "missing_lines": [], "excluded_lines": []}, "PdfParser._get_or_create_package_chain": {"executed_lines": [612, 615, 616, 618, 619, 620, 621, 623, 624, 625, 627, 628, 630, 633, 634], "summary": {"covered_lines": 15, "num_statements": 15, "percent_covered": 100.0, "percent_covered_display": "100", "missing_lines": 0, "excluded_lines": 0}, "missing_lines": [], "excluded_lines": []}, "PdfParser._resolve_parent_references": {"executed_lines": [657, 658, 659, 662, 663, 664, 665, 667, 668, 669, 670, 671, 674, 677, 681, 683], "summary": {"covered_lines": 16, "num_statements": 16, "percent_covered": 100.0, "percent_covered_display": "100", "missing_lines": 0, "excluded_lines": 0}, "missing_lines": [], "excluded_lines": []}, "PdfParser._build_ancestry_cache": {"executed_lines": [700, 701, 702, 703, 704, 707, 742, 743, 744, 746], "summary": {"covered_lines": 10, "num_statements": 10, "percent_covered": 100.0, "percent_covered_display": "100", "missing_lines": 0, "excluded_lines": 0}, "missing_lines": [], "excluded_lines": []}, "PdfParser._build_ancestry_cache.collect_ancestors": {"executed_lines": [709, 710, 712, 713, 715, 716, 718, 719, 720, 721, 722, 723, 724, 725, 727, 730, 731, 735, 738, 740], "summary": {"covered_lines": 20, "num_statements": 20, "percent_covered": 100.0, "percent_covered_display": "100", "missing_lines": 0, "excluded_lines": 0}, "missing_lines": [], "excluded_lines": []}, "PdfParser._set_parent_references": {"executed_lines": [769, 770, 773, 777, 780, 781, 782, 783, 784, 787, 788, 794, 796, 798, 803, 804, 805, 806, 807, 810, 811, 812, 814, 818, 820, 821], "summary": {"covered_lines": 26, "num_statements": 26, "percent_covered": 100.0, "percent_covered_display": "100", "missing_lines": 0, "excluded_lines": 0}, "missing_lines": [], "excluded_lines": []}, "PdfParser._populate_children_lists": {"executed_lines": [835, 836, 837, 838, 839, 840, 841, 844, 845, 846, 847], "summary": {"covered_lines": 11, "num_statements": 11, "percent_covered": 100.0, "percent_covered_display": "100", "missing_lines": 0, "excluded_lines": 0}, "missing_lines": [], "excluded_lines": []}, "PdfParser._build_interface_implementation_map": {"executed_lines": [867, 869, 870, 871, 873, 874, 875, 876, 877, 879], "summary": {"covered_lines": 10, "num_statements": 10, "percent_covered": 100.0, "percent_covered_display": "100", "missing_lines": 0, "excluded_lines": 0}, "missing_lines": [], "excluded_lines": []}, "PdfParser._update_interface_implementers": {"executed_lines": [896, 897, 898, 899, 900], "summary": {"covered_lines": 5, "num_statements": 5, "percent_covered": 100.0, "percent_covered_display": "100", "missing_lines": 0, "excluded_lines": 0}, "missing_lines": [], "excluded_lines": []}, "PdfParser._find_class_in_all_packages": {"executed_lines": [914, 915, 916, 917, 918], "summary": {"covered_lines": 5, "num_statements": 5, "percent_covered": 100.0, "percent_covered_display": "100", "missing_lines": 0, "excluded_lines": 0}, "missing_lines": [], "excluded_lines": []}, "PdfParser._validate_atp_interfaces": {"executed_lines": [933, 934, 935, 936, 937, 944, 951], "summary": {"covered_lines": 7, "num_statements": 9, "percent_covered": 77.77777777777777, "percent_covered_display": "78", "missing_lines": 2, "excluded_lines": 0}, "missing_lines": [945, 952], "excluded_lines": []}, "PdfParser._validate_subclasses": {"executed_lines": [982, 983, 984, 985, 987, 988, 989, 994, 997, 998, 1004, 1007, 1008, 1013, 1016, 1017, 1018, 1019, 1025, 1028], "summary": {"covered_lines": 20, "num_statements": 22, "percent_covered": 90.9090909090909, "percent_covered_display": "91", "missing_lines": 2, "excluded_lines": 0}, "missing_lines": [1029, 1035], "excluded_lines": []}, "PdfParser._build_atp_ancestry_cache": {"executed_lines": [], "summary": {"covered_lines": 0, "num_statements": 11, "percent_covered": 0.0, "percent_covered_display": "0", "missing_lines": 11, "excluded_lines": 0}, "missing_lines": [1050, 1051, 1052, 1053, 1055, 1059, 1062, 1089, 1090, 1091, 1093], "excluded_lines": []}, "PdfParser._build_atp_ancestry_cache.collect_atp_ancestors": {"executed_lines": [], "summary": {"covered_lines": 0, "num_statements": 18, "percent_covered": 0.0, "percent_covered_display": "0", "missing_lines": 18, "excluded_lines": 0}, "missing_lines": [1064, 1065, 1067, 1068, 1070, 1071, 1073, 1074, 1075, 1076, 1077, 1078, 1079, 1080, 1082, 1083, 1085, 1087], "excluded_lines": []}, "PdfParser._resolve_atp_parent_references": {"executed_lines": [], "summary": {"covered_lines": 0, "num_statements": 29, "percent_covered": 0.0, "percent_covered_display": "0", "missing_lines": 29, "excluded_lines": 0}, "missing_lines": [1110, 1113, 1114, 1116, 1117, 1121, 1122, 1125, 1130, 1131, 1134, 1135, 1136, 1137, 1138, 1140, 1142, 1147, 1148, 1149, 1150, 1151, 1153, 1154, 1155, 1157, 1161, 1163, 1164], "excluded_lines": []}, "": {"executed_lines": [1, 22, 23, 24, 25, 26, 28, 36, 38, 39, 40, 42, 45, 46, 62, 79, 96, 136, 157, 191, 205, 290, 523, 591, 636, 685, 748, 823, 849, 881, 902, 920, 959, 1037, 1095], "summary": {"covered_lines": 33, "num_statements": 33, "percent_covered": 100.0, "percent_covered_display": "100", "missing_lines": 0, "excluded_lines": 0}, "missing_lines": [], "excluded_lines": []}}, "classes": {"PdfParser": {"executed_lines": [72, 75, 76, 77, 89, 90, 113, 115, 116, 119, 121, 123, 125, 126, 127, 130, 131, 132, 134, 155, 182, 183, 184, 185, 186, 189, 203, 224, 226, 229, 234, 235, 237, 238, 241, 242, 244, 247, 249, 252, 253, 254, 255, 258, 259, 261, 263, 264, 267, 268, 271, 274, 275, 277, 285, 286, 288, 327, 328, 329, 330, 331, 332, 335, 337, 338, 342, 344, 345, 346, 347, 350, 351, 352, 355, 356, 359, 360, 361, 363, 365, 366, 367, 368, 370, 371, 375, 376, 377, 378, 379, 380, 381, 383, 385, 386, 387, 388, 389, 390, 391, 403, 405, 417, 418, 419, 421, 426, 427, 432, 433, 434, 437, 438, 439, 440, 443, 445, 446, 449, 451, 453, 454, 455, 456, 459, 460, 462, 463, 466, 467, 471, 475, 477, 479, 480, 481, 483, 487, 519, 521, 537, 543, 546, 548, 553, 554, 555, 556, 557, 558, 561, 562, 563, 565, 571, 577, 580, 581, 584, 587, 589, 612, 615, 616, 618, 619, 620, 621, 623, 624, 625, 627, 628, 630, 633, 634, 657, 658, 659, 662, 663, 664, 665, 667, 668, 669, 670, 671, 674, 677, 681, 683, 700, 701, 702, 703, 704, 707, 709, 710, 712, 713, 715, 716, 718, 719, 720, 721, 722, 723, 724, 725, 727, 730, 731, 735, 738, 740, 742, 743, 744, 746, 769, 770, 773, 777, 780, 781, 782, 783, 784, 787, 788, 794, 796, 798, 803, 804, 805, 806, 807, 810, 811, 812, 814, 818, 820, 821, 835, 836, 837, 838, 839, 840, 841, 844, 845, 846, 847, 867, 869, 870, 871, 873, 874, 875, 876, 877, 879, 896, 897, 898, 899, 900, 914, 915, 916, 917, 918, 933, 934, 935, 936, 937, 944, 951, 982, 983, 984, 985, 987, 988, 989, 994, 997, 998, 1004, 1007, 1008, 1013, 1016, 1017, 1018, 1019, 1025, 1028], "summary": {"covered_lines": 307, "num_statements": 393, "percent_covered": 78.11704834605598, "percent_covered_display": "78", "missing_lines": 86, "excluded_lines": 2}, "missing_lines": [394, 395, 399, 407, 408, 409, 411, 413, 422, 484, 488, 489, 491, 492, 495, 496, 500, 504, 506, 508, 509, 511, 516, 517, 945, 952, 1029, 1035, 1050, 1051, 1052, 1053, 1055, 1059, 1062, 1064, 1065, 1067, 1068, 1070, 1071, 1073, 1074, 1075, 1076, 1077, 1078, 1079, 1080, 1082, 1083, 1085, 1087, 1089, 1090, 1091, 1093, 1110, 1113, 1114, 1116, 1117, 1121, 1122, 1125, 1130, 1131, 1134, 1135, 1136, 1137, 1138, 1140, 1142, 1147, 1148, 1149, 1150, 1151, 1153, 1154, 1155, 1157, 1161, 1163, 1164], "excluded_lines": [91, 92]}, "": {"executed_lines": [1, 22, 23, 24, 25, 26, 28, 36, 38, 39, 40, 42, 45, 46, 62, 79, 96, 136, 157, 191, 205, 290, 523, 591, 636, 685, 748, 823, 849, 881, 902, 920, 959, 1037, 1095], "summary": {"covered_lines": 33, "num_statements": 33, "percent_covered": 100.0, "percent_covered_display": "100", "missing_lines": 0, "excluded_lines": 0}, "missing_lines": [], "excluded_lines": []}}}, "src/autosar_pdf2txt/parser/primitive_parser.py": {"executed_lines": [1, 13, 14, 16, 20, 23, 24, 38, 44, 46, 47, 48, 49, 50, 51, 53, 62, 63, 64, 65, 66, 67, 69, 97, 98, 100, 101, 103, 104, 107, 110, 113, 114, 117, 118, 122, 127, 133, 157, 158, 159, 160, 162, 163, 164, 167, 168, 169, 170, 171, 174, 176, 177, 180, 181, 182, 185, 186, 194, 196, 197, 198, 199, 200, 201, 202, 205, 206, 207, 208, 209, 211, 214, 217, 218, 219, 221, 223, 252, 262, 277, 278, 280, 281, 282, 286, 287, 289, 290, 292, 299, 302, 309, 310, 313, 315, 316, 317, 318, 320, 324, 326, 328, 337, 346, 347, 348, 349, 350, 352, 366, 367], "summary": {"covered_lines": 110, "num_statements": 120, "percent_covered": 91.66666666666667, "percent_covered_display": "92", "missing_lines": 10, "excluded_lines": 0}, "missing_lines": [119, 195, 263, 268, 269, 270, 271, 272, 273, 274], "excluded_lines": [], "functions": {"AutosarPrimitiveParser.__init__": {"executed_lines": [44, 46, 47, 48, 49, 50, 51], "summary": {"covered_lines": 7, "num_statements": 7, "percent_covered": 100.0, "percent_covered_display": "100", "missing_lines": 0, "excluded_lines": 0}, "missing_lines": [], "excluded_lines": []}, "AutosarPrimitiveParser._reset_state": {"executed_lines": [62, 63, 64, 65, 66, 67], "summary": {"covered_lines": 6, "num_statements": 6, "percent_covered": 100.0, "percent_covered_display": "100", "missing_lines": 0, "excluded_lines": 0}, "missing_lines": [], "excluded_lines": []}, "AutosarPrimitiveParser.parse_definition": {"executed_lines": [97, 98, 100, 101, 103, 104, 107, 110, 113, 114, 117, 118, 122, 127], "summary": {"covered_lines": 14, "num_statements": 15, "percent_covered": 93.33333333333333, "percent_covered_display": "93", "missing_lines": 1, "excluded_lines": 0}, "missing_lines": [119], "excluded_lines": []}, "AutosarPrimitiveParser.continue_parsing": {"executed_lines": [157, 158, 159, 160, 162, 163, 164, 167, 168, 169, 170, 171, 174, 176, 177, 180, 181, 182, 185, 186, 194, 196, 197, 198, 199, 200, 201, 202, 205, 206, 207, 208, 209, 211, 214, 217, 218, 219, 221], "summary": {"covered_lines": 39, "num_statements": 40, "percent_covered": 97.5, "percent_covered_display": "98", "missing_lines": 1, "excluded_lines": 0}, "missing_lines": [195], "excluded_lines": []}, "AutosarPrimitiveParser._process_attribute_line": {"executed_lines": [252, 262, 277, 278, 280, 281, 282, 286, 287, 289, 290, 292, 299, 302, 309, 310, 313, 315, 316, 317, 318, 320, 324, 326], "summary": {"covered_lines": 24, "num_statements": 32, "percent_covered": 75.0, "percent_covered_display": "75", "missing_lines": 8, "excluded_lines": 0}, "missing_lines": [263, 268, 269, 270, 271, 272, 273, 274], "excluded_lines": []}, "AutosarPrimitiveParser._finalize_pending_attribute": {"executed_lines": [337, 346, 347, 348, 349, 350], "summary": {"covered_lines": 6, "num_statements": 6, "percent_covered": 100.0, "percent_covered_display": "100", "missing_lines": 0, "excluded_lines": 0}, "missing_lines": [], "excluded_lines": []}, "AutosarPrimitiveParser._process_note_line": {"executed_lines": [366, 367], "summary": {"covered_lines": 2, "num_statements": 2, "percent_covered": 100.0, "percent_covered_display": "100", "missing_lines": 0, "excluded_lines": 0}, "missing_lines": [], "excluded_lines": []}, "": {"executed_lines": [1, 13, 14, 16, 20, 23, 24, 38, 53, 69, 133, 223, 328, 352], "summary": {"covered_lines": 12, "num_statements": 12, "percent_covered": 100.0, "percent_covered_display": "100", "missing_lines": 0, "excluded_lines": 0}, "missing_lines": [], "excluded_lines": []}}, "classes": {"AutosarPrimitiveParser": {"executed_lines": [44, 46, 47, 48, 49, 50, 51, 62, 63, 64, 65, 66, 67, 97, 98, 100, 101, 103, 104, 107, 110, 113, 114, 117, 118, 122, 127, 157, 158, 159, 160, 162, 163, 164, 167, 168, 169, 170, 171, 174, 176, 177, 180, 181, 182, 185, 186, 194, 196, 197, 198, 199, 200, 201, 202, 205, 206, 207, 208, 209, 211, 214, 217, 218, 219, 221, 252, 262, 277, 278, 280, 281, 282, 286, 287, 289, 290, 292, 299, 302, 309, 310, 313, 315, 316, 317, 318, 320, 324, 326, 337, 346, 347, 348, 349, 350, 366, 367], "summary": {"covered_lines": 98, "num_statements": 108, "percent_covered": 90.74074074074075, "percent_covered_display": "91", "missing_lines": 10, "excluded_lines": 0}, "missing_lines": [119, 195, 263, 268, 269, 270, 271, 272, 273, 274], "excluded_lines": []}, "": {"executed_lines": [1, 13, 14, 16, 20, 23, 24, 38, 53, 69, 133, 223, 328, 352], "summary": {"covered_lines": 12, "num_statements": 12, "percent_covered": 100.0, "percent_covered_display": "100", "missing_lines": 0, "excluded_lines": 0}, "missing_lines": [], "excluded_lines": []}}}, "src/autosar_pdf2txt/utils.py": {"executed_lines": [1, 3, 6, 22, 23, 25, 31, 32, 34, 36, 38], "summary": {"covered_lines": 10, "num_statements": 10, "percent_covered": 100.0, "percent_covered_display": "100", "missing_lines": 0, "excluded_lines": 0}, "missing_lines": [], "excluded_lines": [], "functions": {"detect_format": {"executed_lines": [22, 23, 25, 31, 32, 34, 36, 38], 
[...]
summary": {"covered_lines": 4, "num_statements": 4, "percent_covered": 100.0, "percent_covered_display": "100", "missing_lines": 0, "excluded_lines": 0}, "missing_lines": [], "excluded_lines": []}}}, "src/autosar_pdf2txt/writer/json_writer.py": {"executed_lines": [1, 3, 4, 5, 6, 8, 11, 12, 30, 31, 37, 80, 81, 82, 83, 84, 85, 86, 87, 90, 91, 92, 93, 95, 96, 99, 100, 103, 104, 107, 109, 121, 122, 123, 124, 126, 128, 129, 130, 131, 132, 133, 134, 135, 138, 139, 140, 141, 144, 147, 148, 151, 152, 153, 159, 162, 176, 177, 178, 180, 191, 192, 195, 196, 199, 202, 203, 204, 207, 208, 209, 210, 211, 212, 215, 216, 217, 218, 219, 220, 221, 224, 225, 234, 247, 248, 249, 252, 255, 276, 279, 284, 286, 288, 291, 294, 297, 300, 302, 314, 315, 316, 317, 318, 319, 320, 321, 322, 323, 326, 338, 345, 357, 359, 364, 372, 384, 386, 387, 388, 390, 391, 392, 393, 394, 397, 398, 399, 401, 402, 403, 404, 405, 409, 410, 417, 419, 420, 422, 423, 425, 427, 444, 445, 447, 448, 451, 453, 470, 482, 487, 488, 489, 491, 503, 508, 509, 510, 512, 527, 528, 529, 530, 535, 537, 543, 557, 560, 562, 570, 582, 587, 588, 589, 591, 606, 607, 609, 610, 613, 615], "summary": {"covered_lines": 178, "num_statements": 190, "percent_covered": 93.6842105263158, "percent_covered_display": "94", "missing_lines": 12, "excluded_lines": 0}, "missing_lines": [145, 226, 227, 253, 298, 324, 395, 396, 406, 407, 532, 533], "excluded_lines": [], "functions": {"JsonWriter.__init__": {"executed_lines": [31], "summary": {"covered_lines": 0, "num_statements": 0, "percent_covered": 100.0, "percent_covered_display": "100", "missing_lines": 0, "excluded_lines": 0}, "missing_lines": [], "excluded_lines": []}, "JsonWriter.write_packages_to_files": {"executed_lines": [80, 81, 82, 83, 84, 85, 86, 87, 90, 91, 92, 93, 95, 96, 99, 100, 103, 104, 107], "summary": {"covered_lines": 19, "num_statements": 19, "percent_covered": 100.0, "percent_covered_display": "100", "missing_lines": 0, "excluded_lines": 0}, "missing_lines": [], "excluded_lines": []}, "JsonWriter._write_index": {"executed_lines": [121, 122, 123, 124, 126, 147, 148, 151, 152, 153, 159, 162, 176, 177, 178], "summary": {"covered_lines": 15, "num_statements": 15, "percent_covered": 100.0, "percent_covered_display": "100", "missing_lines": 0, "excluded_lines": 0}, "missing_lines": [], "excluded_lines": []}, "JsonWriter._write_index.count_entities": {"executed_lines": [128, 129, 130, 131, 132, 133, 134, 135, 138, 139, 140, 141, 144], "summary": {"covered_lines": 13, "num_statements": 14, "percent_covered": 92.85714285714286, "percent_covered_display": "93", "missing_lines": 1, "excluded_lines": 0}, "missing_lines": [145], "excluded_lines": []}, "JsonWriter._write_package_to_files": {"executed_lines": [191, 192, 195, 196, 199, 202, 203, 204, 207, 208, 209, 210, 211, 212, 215, 216, 217, 218, 219, 220, 221, 224, 225, 234, 247, 248, 249, 252], "summary": {"covered_lines": 28, "num_statements": 31, "percent_covered": 90.3225806451613, "percent_covered_display": "90", "missing_lines": 3, "excluded_lines": 0}, "missing_lines": [226, 227, 253], "excluded_lines": []}, "JsonWriter._sanitize_filename": {"executed_lines": [276, 279, 284, 286, 288, 291, 294, 297, 300], "summary": {"covered_lines": 9, "num_statements": 10, "percent_covered": 90.0, "percent_covered_display": "90", "missing_lines": 1, "excluded_lines": 0}, "missing_lines": [298], "excluded_lines": []}, "JsonWriter._serialize_atp_type": {"executed_lines": [314, 315, 316, 317, 318, 319, 320, 321, 322, 323], "summary": {"covered_lines": 10, "num_statements": 11, "percent_covered": 90.9090909090909, "percent_covered_display": "91", "missing_lines": 1, "excluded_lines": 0}, "missing_lines": [324], "excluded_lines": []}, "JsonWriter._serialize_source": {"executed_lines": [338], "summary": {"covered_lines": 1, "num_statements": 1, "percent_covered": 100.0, "percent_covered_display": "100", "missing_lines": 0, "excluded_lines": 0}, "missing_lines": [], "excluded_lines": []}, "JsonWriter._serialize_attribute": {"executed_lines": [357, 359, 364], "summary": {"covered_lines": 3, "num_statements": 3, "percent_covered": 100.0, "percent_covered_display": "100", "missing_lines": 0, "excluded_lines": 0}, "missing_lines": [], "excluded_lines": []}, "JsonWriter._pluralize_attribute_name": {"executed_lines": [384, 386, 387, 388, 390, 391, 392, 393, 394, 397, 398, 399, 401, 402, 403, 404, 405, 409, 410, 417, 419, 420, 422, 423, 425], "summary": {"covered_lines": 25, "num_statements": 29, "percent_covered": 86.20689655172414, "percent_covered_display": "86", "missing_lines": 4, "excluded_lines": 0}, "missing_lines": [395, 396, 406, 407], "excluded_lines": []}, "JsonWriter._serialize_class": {"executed_lines": [444, 445, 447, 448, 451, 453], "summary": {"covered_lines": 6, "num_statements": 6, "percent_covered": 100.0, "percent_covered_display": "100", "missing_lines": 0, "excluded_lines": 0}, "missing_lines": [], "excluded_lines": []}, "JsonWriter._write_classes_file": {"executed_lines": [482, 487, 488, 489], "summary": {"covered_lines": 4, "num_statements": 4, "percent_covered": 100.0, "percent_covered_display": "100", "missing_lines": 0, "excluded_lines": 0}, "missing_lines": [], "excluded_lines": []}, "JsonWriter._write_enums_file": {"executed_lines": [503, 508, 509, 510], "summary": {"covered_lines": 4, "num_statements": 4, "percent_covered": 100.0, "percent_covered_display": "100", "missing_lines": 0, "excluded_lines": 0}, "missing_lines": [], "excluded_lines": []}, "JsonWriter._serialize_enumeration_literal": {"executed_lines": [527, 528, 529, 530, 535, 537], "summary": {"covered_lines": 6, "num_statements": 8, "percent_covered": 75.0, "percent_covered_display": "75", "missing_lines": 2, "excluded_lines": 0}, "missing_lines": [532, 533], "excluded_lines": []}, "JsonWriter._serialize_enumeration": {"executed_lines": [557, 560, 562], "summary": {"covered_lines": 3, "num_statements": 3, "percent_covered": 100.0, "percent_covered_display": "100", "missing_lines": 0, "excluded_lines": 0}, "missing_lines": [], "excluded_lines": []}, "JsonWriter._write_primitives_file": {"executed_lines": [582, 587, 588, 589], "summary": {"covered_lines": 4, "num_statements": 4, "percent_covered": 100.0, "percent_covered_display": "100", "missing_lines": 0, "excluded_lines": 0}, "missing_lines": [], "excluded_lines": []}, "JsonWriter._serialize_primitive": {"executed_lines": [606, 607, 609, 610, 613, 615], "summary": {"covered_lines": 6, "num_statements": 6, "percent_covered": 100.0, "percent_covered_display": "100", "missing_lines": 0, "excluded_lines": 0}, "missing_lines": [], "excluded_lines": []}, "": {"executed_lines": [1, 3, 4, 5, 6, 8, 11, 12, 30, 37, 109, 180, 255, 302, 326, 345, 372, 427, 470, 491, 512, 543, 570, 591], "summary": {"covered_lines": 22, "num_statements": 22, "percent_covered": 100.0, "percent_covered_display": "100", "missing_lines": 0, "excluded_lines": 0}, "missing_lines": [], "excluded_lines": []}}, "classes": {"JsonWriter": {"executed_lines": [31, 80, 81, 82, 83, 84, 85, 86, 87, 90, 91, 92, 93, 95, 96, 99, 100, 103, 104, 107, 121, 122, 123, 124, 126, 128, 129, 130, 131, 132, 133, 134, 135, 138, 139, 140, 141, 144, 147, 148, 151, 152, 153, 159, 162, 176, 177, 178, 191, 192, 195, 196, 199, 202, 203, 204, 207, 208, 209, 210, 211, 212, 215, 216, 217, 218, 219, 220, 221, 224, 225, 234, 247, 248, 249, 252, 276, 279, 284, 286, 288, 291, 294, 297, 300, 314, 315, 316, 317, 318, 319, 320, 321, 322, 323, 338, 357, 359, 364, 384, 386, 387, 388, 390, 391, 392, 393, 394, 397, 398, 399, 401, 402, 403, 404, 405, 409, 410, 417, 419, 420, 422, 423, 425, 444, 445, 447, 448, 451, 453, 482, 487, 488, 489, 503, 508, 509, 510, 527, 528, 529, 530, 535, 537, 557, 560, 562, 582, 587, 588, 589, 606, 607, 609, 610, 613, 615], "summary": {"covered_lines": 156, "num_statements": 168, "percent_covered": 92.85714285714286, "percent_covered_display": "93", "missing_lines": 12, "excluded_lines": 0}, "missing_lines": [145, 226, 227, 253, 298, 324, 395, 396, 406, 407, 532, 533], "excluded_lines": []}, "": {"executed_lines": [1, 3, 4, 5, 6, 8, 11, 12, 30, 37, 109, 180, 255, 302, 326, 345, 372, 427, 470, 491, 512, 543, 570, 591], "summary": {"covered_lines": 22, "num_statements": 22, "percent_covered": 100.0, "percent_covered_display": "100", "missing_lines": 0, "excluded_lines": 0}, "missing_lines": [], "excluded_lines": []}}}, "src/autosar_pdf2txt/writer/mapping_writer.py": {"executed_lines": [1, 7, 8, 9, 11, 14, 15, 27, 28, 34, 62, 64, 65, 66, 67, 71, 86, 88, 91, 92, 93, 94, 95, 96, 97, 100, 101, 104, 105, 107, 109, 121, 122, 124, 136, 139, 142, 143, 146, 147, 149], "summary": {"covered_lines": 38, "num_statements": 39, "percent_covered": 97.43589743589743, "percent_covered_display": "97", "missing_lines": 1, "excluded_lines": 0}, "missing_lines": [69], "excluded_lines": [], "functions": {"MappingWriter.__init__": {"executed_lines": [28], "summary": {"covered_lines": 0, "num_statements": 0, "percent_covered": 100.0, "percent_covered_display": "100", "missing_lines": 0, "excluded_lines": 0}, "missing_lines": [], "excluded_lines": []}, "MappingWriter.write_mapping": {"executed_lines": [62, 64, 65, 66, 67], "summary": {"covered_lines": 5, "num_statements": 6, "percent_covered": 83.33333333333333, "percent_covered_display": "83", "missing_lines": 1, "excluded_lines": 0}, "missing_lines": [69], "excluded_lines": []}, "MappingWriter._collect_mapping": {"executed_lines": [86, 88, 104, 105, 107], "summary": {"covered_lines": 5, "num_statements": 5, "percent_covered": 100.0, "percent_covered_display": "100", "missing_lines": 0, "excluded_lines": 0}, "missing_lines": [], "excluded_lines": []}, "MappingWriter._collect_mapping.traverse_package": {"executed_lines": [91, 92, 93, 94, 95, 96, 97, 100, 101], "summary": {"covered_lines": 9, "num_statements": 9, "percent_covered": 100.0, "percent_covered_display": "100", "missing_lines": 0, "excluded_lines": 0}, "missing_lines": [], "excluded_lines": []}, "MappingWriter._write_mapping_json": {"executed_lines": [121, 122], "summary": {"covered_lines": 2, "num_statements": 2, "percent_covered": 100.0, "percent_covered_display": "100", "missing_lines": 0, "excluded_lines": 0}, "missing_lines": [], "excluded_lines": []}, "MappingWriter._write_mapping_markdown": {"executed_lines": [136, 139, 142, 143, 146, 147, 149], "summary": {"covered_lines": 7, "num_statements": 7, "percent_covered": 100.0, "percent_covered_display": "100", "missing_lines": 0, "excluded_lines": 0}, "missing_lines": [], "excluded_lines": []}, "": {"executed_lines": [1, 7, 8, 9, 11, 14, 15, 27, 34, 71, 109, 124], "summary": {"covered_lines": 10, "num_statements": 10, "percent_covered": 100.0, "percent_covered_display": "100", "missing_lines": 0, "excluded_lines": 0}, "missing_lines": [], "excluded_lines": []}}, "classes": {"MappingWriter": {"executed_lines": [28, 62, 64, 65, 66, 67, 86, 88, 91, 92, 93, 94, 95, 96, 97, 100, 101, 104, 105, 107, 121, 122, 136, 139, 142, 143, 146, 147, 149], "summary": {"covered_lines": 28, "num_statements": 29, "percent_covered": 96.55172413793103, "percent_covered_display": "97", "missing_lines": 1, "excluded_lines": 0}, "missing_lines": [69], "excluded_lines": []}, "": {"executed_lines": [1, 7, 8, 9, 11, 14, 15, 27, 34, 71, 109, 124], "summary": {"covered_lines": 10, "num_statements": 10, "percent_covered": 100.0, "percent_covered_display": "100", "missing_lines": 0, "excluded_lines": 0}, "missing_lines": [], "excluded_lines": []}}}, "src/autosar_pdf2txt/writer/markdown_writer.py": {"executed_lines": [1, 3, 4, 5, 6, 8, 11, 12, 32, 33, 39, 77, 78, 79, 80, 81, 82, 83, 84, 87, 88, 89, 91, 93, 94, 96, 115, 116, 117, 118, 120, 140, 141, 143, 144, 147, 148, 149, 150, 153, 154, 157, 158, 160, 162, 171, 174, 175, 176, 179, 180, 182, 184, 202, 203, 204, 205, 208, 209, 210, 213, 214, 215, 216, 219, 222, 223, 227, 246, 247, 250, 251, 252, 253, 254, 257, 258, 260, 279, 280, 282, 283, 285, 288, 290, 307, 308, 311, 312, 315, 316, 319, 320, 321, 322, 323, 326, 327, 329, 341, 343, 345, 354, 356, 366, 367, 384, 414, 417, 419, 420, 421, 423, 425, 428, 429, 432, 433, 434, 436, 439, 440, 441, 444, 445, 446, 447, 448, 449, 450, 451, 452, 453, 454, 457, 458, 459, 460, 461, 464, 465, 466, 467, 468, 471, 472, 473, 474, 475, 478, 479, 480, 481, 482, 485, 486, 488, 489, 491, 492, 493, 496, 497, 498, 501, 502, 503, 504, 505, 508, 509, 510, 513, 514, 516, 517, 519, 521, 522, 523, 524, 527, 528, 529, 531, 550, 551, 553, 574, 577, 580, 581, 584, 585, 587, 588, 590, 591, 592, 595, 596, 597, 600, 601, 602, 605, 606, 608, 609, 611, 613, 615, 616, 617, 618, 620, 621, 622, 624, 625, 628, 629, 630, 632, 658, 660, 662, 665, 668, 669, 671], "summary": {"covered_lines": 228, "num_statements": 250, "percent_covered": 91.2, "percent_covered_display": "91", "missing_lines": 22, "excluded_lines": 0}, "missing_lines": [344, 347, 348, 349, 350, 351, 352, 353, 355, 358, 359, 360, 361, 362, 363, 364, 374, 376, 377, 379, 380, 382], "excluded_lines": [], "functions": {"MarkdownWriter.__init__": {"executed_lines": [33], "summary": {"covered_lines": 0, "num_statements": 0, "percent_covered": 100.0, "percent_covered_display": "100", "missing_lines": 0, "excluded_lines": 0}, "missing_lines": [], "excluded_lines": []}, "MarkdownWriter.write_packages_to_files": {"executed_lines": [77, 78, 79, 80, 81, 82, 83, 84, 87, 88, 89, 91, 93, 94], "summary": {"covered_lines": 14, "num_statements": 14, "percent_covered": 100.0, "percent_covered_display": "100", "missing_lines": 0, "excluded_lines": 0}, "missing_lines": [], "excluded_lines": []}, "MarkdownWriter.write_packages": {"executed_lines": [115, 116, 117, 118], "summary": {"covered_lines": 4, "num_statements": 4, "percent_covered": 100.0, "percent_covered_display": "100", "missing_lines": 0, "excluded_lines": 0}, "missing_lines": [], "excluded_lines": []}, "MarkdownWriter.write_class_hierarchy": {"executed_lines": [140, 141, 143, 144, 147, 148, 149, 150, 153, 154, 157, 158, 160], "summary": {"covered_lines": 13, "num_statements": 13, "percent_covered": 100.0, "percent_covered_display": "100", "missing_lines": 0, "excluded_lines": 0}, "missing_lines": [], "excluded_lines": []}, "MarkdownWriter._collect_classes_from_package": {"executed_lines": [171, 174, 175, 176, 179, 180, 182], "summary": {"covered_lines": 7, "num_statements": 7, "percent_covered": 100.0, "percent_covered_display": "100", "missing_lines": 0, "excluded_lines": 0}, "missing_lines": [], "excluded_lines": []}, "MarkdownWriter._write_class_hierarchy_recursive": {"executed_lines": [202, 203, 204, 205, 208, 209, 210, 213, 214, 215, 216, 219, 222, 223], "summary": {"covered_lines": 14, "num_statements": 14, "percent_covered": 100.0, "percent_covered_display": "100", "missing_lines": 0, "excluded_lines": 0}, "missing_lines": [], "excluded_lines": []}, "MarkdownWriter._write_package": {"executed_lines": [246, 247, 250, 251, 252, 253, 254, 257, 258], "summary": {"covered_lines": 9, "num_statements": 9, "percent_covered": 100.0, "percent_covered_display": "100", "missing_lines": 0, "excluded_lines": 0}, "missing_lines": [], "excluded_lines": []}, "MarkdownWriter._write_class": {"executed_lines": [279, 280, 282, 283, 285, 288], "summary": {"covered_lines": 6, "num_statements": 6, "percent_covered": 100.0, "percent_covered_display": "100", "missing_lines": 0, "excluded_lines": 0}, "missing_lines": [], "excluded_lines": []}, "MarkdownWriter._write_package_to_files": {"executed_lines": [307, 308, 311, 312, 315, 316, 319, 320, 321, 322, 323, 326, 327], "summary": {"covered_lines": 13, "num_statements": 13, "percent_covered": 100.0, "percent_covered_display": "100", "missing_lines": 0, "excluded_lines": 0}, "missing_lines": [], "excluded_lines": []}, "MarkdownWriter._pluralize_attribute_name": {"executed_lines": [341, 343, 345, 354, 356, 366, 367], "summary": {"covered_lines": 7, "num_statements": 29, "percent_covered": 24.137931034482758, "percent_covered_display": "24", "missing_lines": 22, "excluded_lines": 0}, "missing_lines": [344, 347, 348, 349, 350, 351, 352, 353, 355, 358, 359, 360, 361, 362, 363, 364, 374, 376, 377, 379, 380, 382], "excluded_lines": []}, "MarkdownWriter._write_class_to_file": {"executed_lines": [414, 417, 419, 420, 421, 423, 425, 428, 429, 432, 433, 434, 436, 439, 440, 441, 444, 445, 446, 447, 448, 449, 450, 451, 452, 453, 454, 457, 458, 459, 460, 461, 464, 465, 466, 467, 468, 471, 472, 473, 474, 475, 478, 479, 480, 481, 482, 485, 486, 488, 489, 491, 492, 493, 496, 497, 498, 501, 502, 503, 504, 505, 508, 509, 510, 513, 514, 516, 517, 519, 521, 522, 523, 524, 527, 528, 529], "summary": {"covered_lines": 77, "num_statements": 77, "percent_covered": 100.0, "percent_covered_display": "100", "missing_lines": 0, "excluded_lines": 0}, "missing_lines": [], "excluded_lines": []}, "MarkdownWriter._write_enumeration": {"executed_lines": [550, 551], "summary": {"covered_lines": 2, "num_statements": 2, "percent_covered": 100.0, "percent_covered_display": "100", "missing_lines": 0, "excluded_lines": 0}, "missing_lines": [], "excluded_lines": []}, "MarkdownWriter._write_enumeration_to_file": {"executed_lines": [574, 577, 580, 581, 584, 585, 587, 588, 590, 591, 592, 595, 596, 597, 600, 601, 602, 605, 606, 608, 609, 611, 613, 615, 616, 617, 618, 620, 621, 622, 624, 625, 628, 629, 630], "summary": {"covered_lines": 35, "num_statements": 35, "percent_covered": 100.0, "percent_covered_display": "100", "missing_lines": 0, "excluded_lines": 0}, "missing_lines": [], "excluded_lines": []}, "MarkdownWriter._sanitize_filename": {"executed_lines": [658, 660, 662, 665, 668, 669, 671], "summary": {"covered_lines": 7, "num_statements": 7, "percent_covered": 100.0, "percent_covered_display": "100", "missing_lines": 0, "excluded_lines": 0}, "missing_lines": [], "excluded_lines": []}, "": {"executed_lines": [1, 3, 4, 5, 6, 8, 11, 12, 32, 39, 96, 120, 162, 184, 227, 260, 290, 329, 384, 531, 553, 632], "summary": {"covered_lines": 20, "num_statements": 20, "percent_covered": 100.0, "percent_covered_display": "100", "missing_lines": 0, "excluded_lines": 0}, "missing_lines": [], "excluded_lines": []}}, "classes": {"MarkdownWriter": {"executed_lines": [33, 77, 78, 79, 80, 81, 82, 83, 84, 87, 88, 89, 91, 93, 94, 115, 116, 117, 118, 140, 141, 143, 144, 147, 148, 149, 150, 153, 154, 157, 158, 160, 171, 174, 175, 176, 179, 180, 182, 202, 203, 204, 205, 208, 209, 210, 213, 214, 215, 216, 219, 222, 223, 246, 247, 250, 251, 252, 253, 254, 257, 258, 279, 280, 282, 283, 285, 288, 307, 308, 311, 312, 315, 316, 319, 320, 321, 322, 323, 326, 327, 341, 343, 345, 354, 356, 366, 367, 414, 417, 419, 420, 421, 423, 425, 428, 429, 432, 433, 434, 436, 439, 440, 441, 444, 445, 446, 447, 448, 449, 450, 451, 452, 453, 454, 457, 458, 459, 460, 461, 464, 465, 466, 467, 468, 471, 472, 473, 474, 475, 478, 479, 480, 481, 482, 485, 486, 488, 489, 491, 492, 493, 496, 497, 498, 501, 502, 503, 504, 505, 508, 509, 510, 513, 514, 516, 517, 519, 521, 522, 523, 524, 527, 528, 529, 550, 551, 574, 577, 580, 581, 584, 585, 587, 588, 590, 591, 592, 595, 596, 597, 600, 601, 602, 605, 606, 608, 609, 611, 613, 615, 616, 617, 618, 620, 621, 622, 624, 625, 628, 629, 630, 658, 660, 662, 665, 668, 669, 671], "summary": {"covered_lines": 208, "num_statements": 230, "percent_covered": 90.43478260869566, "percent_covered_display": "90", "missing_lines": 22, "excluded_lines": 0}, "missing_lines": [344, 347, 348, 349, 350, 351, 352, 353, 355, 358, 359, 360, 361, 362, 363, 364, 374, 376, 377, 379, 380, 382], "excluded_lines": []}, "": {"executed_lines": [1, 3, 4, 5, 6, 8, 11, 12, 32, 39, 96, 120, 162, 184, 227, 260, 290, 329, 384, 531, 553, 632], "summary": {"covered_lines": 20, "num_statements": 20, "percent_covered": 100.0, "percent_covered_display": "100", "missing_lines": 0, "excluded_lines": 0}, "missing_lines": [], "excluded_lines": []}}}}, "totals": {"covered_lines": 2231, "num_statements": 2458, "percent_covered": 90.76484947111473, "percent_covered_display": "91", "missing_lines": 227, "excluded_lines": 3}}